#
# There is insufficient memory for the Java Runtime Environment to continue.
# Native memory allocation (mmap) failed to map 65536 bytes for Failed to commit metaspace.
# Possible reasons:
#   The system is out of physical RAM or swap space
#   The process is running with CompressedOops enabled, and the Java Heap may be blocking the growth of the native heap
# Possible solutions:
#   Reduce memory load on the system
#   Increase physical memory or swap space
#   Check if swap backing store is full
#   Decrease Java heap size (-Xmx/-Xms)
#   Decrease number of Java threads
#   Decrease Java thread stack sizes (-Xss)
#   Set larger code cache with -XX:ReservedCodeCacheSize=
#   JVM is running with Unscaled Compressed Oops mode in which the Java heap is
#     placed in the first 4GB address space. The Java Heap base address is the
#     maximum limit for the native heap growth. Please use -XX:HeapBaseMinAddress
#     to set the Java Heap base and to place the Java Heap above 4GB virtual address.
# This output file may be truncated or incomplete.
#
#  Out of Memory Error (virtualSpaceNode.cpp:110), pid=25808, tid=33072
#
# JRE version: Java(TM) SE Runtime Environment (17.0+35) (build 17+35-LTS-2724)
# Java VM: Java HotSpot(TM) 64-Bit Server VM (17+35-LTS-2724, mixed mode, sharing, tiered, compressed oops, compressed class ptrs, g1 gc, windows-amd64)
# No core dump will be written. Minidumps are not enabled by default on client versions of Windows
#

---------------  S U M M A R Y ------------

Command Line: -Xmx64m -Xms64m -Dorg.gradle.appname=gradlew org.gradle.wrapper.GradleWrapperMain app:installDebug -PreactNativeDevServerPort=8081

Host: AMD Ryzen 5 7600X 6-Core Processor             , 12 cores, 31G,  Windows 10 , 64 bit Build 19041 (10.0.19041.3636)
Time: Tue Feb 27 17:46:15 2024 India Standard Time elapsed time: 3.799972 seconds (0d 0h 0m 3s)

---------------  T H R E A D  ---------------

Current thread (0x000001ade3be9bf0):  JavaThread "Exec process" [_thread_in_vm, id=33072, stack(0x0000005bbd700000,0x0000005bbd800000)]

Stack: [0x0000005bbd700000,0x0000005bbd800000]
Native frames: (J=compiled Java code, j=interpreted, Vv=VM code, C=native code)
V  [jvm.dll+0x66f8ea]
V  [jvm.dll+0x7ce224]
V  [jvm.dll+0x7cf9ce]
V  [jvm.dll+0x7d0033]
V  [jvm.dll+0x242bb5]
V  [jvm.dll+0x7ca1cb]
V  [jvm.dll+0x615a46]
V  [jvm.dll+0x1be28e]
V  [jvm.dll+0x618381]
V  [jvm.dll+0x6163e6]
V  [jvm.dll+0x367892]
V  [jvm.dll+0x1dfb6b]
V  [jvm.dll+0x5375e9]
V  [jvm.dll+0x74971d]
V  [jvm.dll+0x74967a]
V  [jvm.dll+0x408f64]
V  [jvm.dll+0x41c6cb]
C  [java.dll+0x1657]

Java frames: (J=compiled Java code, j=interpreted, Vv=VM code)
j  java.lang.ClassLoader.defineClass0(Ljava/lang/ClassLoader;Ljava/lang/Class;Ljava/lang/String;[BIILjava/security/ProtectionDomain;ZILjava/lang/Object;)Ljava/lang/Class;+0 java.base@17
j  java.lang.System$2.defineClass(Ljava/lang/ClassLoader;Ljava/lang/Class;Ljava/lang/String;[BLjava/security/ProtectionDomain;ZILjava/lang/Object;)Ljava/lang/Class;+17 java.base@17
j  java.lang.invoke.MethodHandles$Lookup$ClassDefiner.defineClass(ZLjava/lang/Object;)Ljava/lang/Class;+54 java.base@17
j  java.lang.invoke.InvokerBytecodeGenerator.loadMethod([B)Ljava/lang/invoke/MemberName;+16 java.base@17
j  java.lang.invoke.InvokerBytecodeGenerator.generateCustomizedCode(Ljava/lang/invoke/LambdaForm;Ljava/lang/invoke/MethodType;)Ljava/lang/invoke/MemberName;+30 java.base@17
j  java.lang.invoke.LambdaForm.compileToBytecode()V+69 java.base@17
j  java.lang.invoke.DirectMethodHandle.makePreparedLambdaForm(Ljava/lang/invoke/MethodType;I)Ljava/lang/invoke/LambdaForm;+792 java.base@17
j  java.lang.invoke.DirectMethodHandle.preparedLambdaForm(Ljava/lang/invoke/MethodType;I)Ljava/lang/invoke/LambdaForm;+17 java.base@17
j  java.lang.invoke.DirectMethodHandle.preparedLambdaForm(Ljava/lang/invoke/MemberName;Z)Ljava/lang/invoke/LambdaForm;+159 java.base@17
j  java.lang.invoke.DirectMethodHandle.preparedLambdaForm(Ljava/lang/invoke/MemberName;)Ljava/lang/invoke/LambdaForm;+2 java.base@17
j  java.lang.invoke.DirectMethodHandle.make(BLjava/lang/Class;Ljava/lang/invoke/MemberName;Ljava/lang/Class;)Ljava/lang/invoke/DirectMethodHandle;+163 java.base@17
j  java.lang.invoke.MethodHandles$Lookup.getDirectMethodCommon(BLjava/lang/Class;Ljava/lang/invoke/MemberName;ZZLjava/lang/invoke/MethodHandles$Lookup;)Ljava/lang/invoke/MethodHandle;+210 java.base@17
j  java.lang.invoke.MethodHandles$Lookup.getDirectMethodNoSecurityManager(BLjava/lang/Class;Ljava/lang/invoke/MemberName;Ljava/lang/invoke/MethodHandles$Lookup;)Ljava/lang/invoke/MethodHandle;+14 java.base@17
j  java.lang.invoke.MethodHandles$Lookup.getDirectMethodForConstant(BLjava/lang/Class;Ljava/lang/invoke/MemberName;)Ljava/lang/invoke/MethodHandle;+31 java.base@17
j  java.lang.invoke.MethodHandles$Lookup.linkMethodHandleConstant(BLjava/lang/Class;Ljava/lang/String;Ljava/lang/Object;)Ljava/lang/invoke/MethodHandle;+153 java.base@17
j  java.lang.invoke.MethodHandleNatives.linkMethodHandleConstant(Ljava/lang/Class;ILjava/lang/Class;Ljava/lang/String;Ljava/lang/Object;)Ljava/lang/invoke/MethodHandle;+38 java.base@17
v  ~StubRoutines::call_stub
j  java.lang.ProcessImpl.<init>([Ljava/lang/String;Ljava/lang/String;Ljava/lang/String;[JZZ)V+286 java.base@17
j  java.lang.ProcessImpl.start([Ljava/lang/String;Ljava/util/Map;Ljava/lang/String;[Ljava/lang/ProcessBuilder$Redirect;Z)Ljava/lang/Process;+407 java.base@17
j  java.lang.ProcessBuilder.start([Ljava/lang/ProcessBuilder$Redirect;)Ljava/lang/Process;+163 java.base@17
j  java.lang.ProcessBuilder.start()Ljava/lang/Process;+5 java.base@17
j  net.rubygrapefruit.platform.internal.DefaultProcessLauncher.start(Ljava/lang/ProcessBuilder;)Ljava/lang/Process;+1
j  net.rubygrapefruit.platform.internal.WindowsProcessLauncher.start(Ljava/lang/ProcessBuilder;)Ljava/lang/Process;+61
j  net.rubygrapefruit.platform.internal.WrapperProcessLauncher.start(Ljava/lang/ProcessBuilder;)Ljava/lang/Process;+12
j  org.gradle.process.internal.ExecHandleRunner.startProcess()V+43
j  org.gradle.process.internal.ExecHandleRunner.run()V+1
j  org.gradle.internal.operations.CurrentBuildOperationPreservingRunnable.run()V+11
j  org.gradle.internal.concurrent.ExecutorPolicy$CatchAndRecordFailures.onExecute(Ljava/lang/Runnable;)V+1
j  org.gradle.internal.concurrent.ManagedExecutorImpl$1.run()V+25
j  java.util.concurrent.ThreadPoolExecutor.runWorker(Ljava/util/concurrent/ThreadPoolExecutor$Worker;)V+92 java.base@17
j  java.util.concurrent.ThreadPoolExecutor$Worker.run()V+5 java.base@17
j  java.lang.Thread.run()V+11 java.base@17
v  ~StubRoutines::call_stub

---------------  P R O C E S S  ---------------

Threads class SMR info:
_java_thread_list=0x000001ade3d3ea70, length=14, elements={
0x000001adc6959b40, 0x000001adc6a095e0, 0x000001adc6a0a190, 0x000001adc6a1bcf0,
0x000001adc6a1c8a0, 0x000001adc6a23280, 0x000001adc6a23c30, 0x000001adc6a24910,
0x000001adc6a25f60, 0x000001ade2411fe0, 0x000001ade24d7600, 0x000001ade24d9310,
0x000001ade314c4b0, 0x000001ade3be9bf0
}

Java Threads: ( => current thread )
  0x000001adc6959b40 JavaThread "main" [_thread_blocked, id=26860, stack(0x0000005bbbe00000,0x0000005bbbf00000)]
  0x000001adc6a095e0 JavaThread "Reference Handler" daemon [_thread_blocked, id=4056, stack(0x0000005bbc500000,0x0000005bbc600000)]
  0x000001adc6a0a190 JavaThread "Finalizer" daemon [_thread_blocked, id=25004, stack(0x0000005bbc600000,0x0000005bbc700000)]
  0x000001adc6a1bcf0 JavaThread "Signal Dispatcher" daemon [_thread_blocked, id=24132, stack(0x0000005bbc700000,0x0000005bbc800000)]
  0x000001adc6a1c8a0 JavaThread "Attach Listener" daemon [_thread_blocked, id=23440, stack(0x0000005bbc800000,0x0000005bbc900000)]
  0x000001adc6a23280 JavaThread "Service Thread" daemon [_thread_blocked, id=22412, stack(0x0000005bbc900000,0x0000005bbca00000)]
  0x000001adc6a23c30 JavaThread "Monitor Deflation Thread" daemon [_thread_blocked, id=26852, stack(0x0000005bbca00000,0x0000005bbcb00000)]
  0x000001adc6a24910 JavaThread "C2 CompilerThread0" daemon [_thread_blocked, id=30428, stack(0x0000005bbcb00000,0x0000005bbcc00000)]
  0x000001adc6a25f60 JavaThread "C1 CompilerThread0" daemon [_thread_blocked, id=11376, stack(0x0000005bbcc00000,0x0000005bbcd00000)]
  0x000001ade2411fe0 JavaThread "Sweeper thread" daemon [_thread_blocked, id=32172, stack(0x0000005bbcd00000,0x0000005bbce00000)]
  0x000001ade24d7600 JavaThread "Notification Thread" daemon [_thread_blocked, id=5792, stack(0x0000005bbce00000,0x0000005bbcf00000)]
  0x000001ade24d9310 JavaThread "Common-Cleaner" daemon [_thread_blocked, id=16140, stack(0x0000005bbd000000,0x0000005bbd100000)]
  0x000001ade314c4b0 JavaThread "pool-1-thread-1" [_thread_blocked, id=31048, stack(0x0000005bbd600000,0x0000005bbd700000)]
=>0x000001ade3be9bf0 JavaThread "Exec process" [_thread_in_vm, id=33072, stack(0x0000005bbd700000,0x0000005bbd800000)]

Other Threads:
  0x000001adc6a02ae0 VMThread "VM Thread" [stack: 0x0000005bbc400000,0x0000005bbc500000] [id=3428]
  0x000001ade24d7ad0 WatcherThread [stack: 0x0000005bbcf00000,0x0000005bbd000000] [id=31332]
  0x000001adc6979e30 GCTaskThread "GC Thread#0" [stack: 0x0000005bbbf00000,0x0000005bbc000000] [id=23300]
  0x000001ade322ad00 GCTaskThread "GC Thread#1" [stack: 0x0000005bbd200000,0x0000005bbd300000] [id=29612]
  0x000001ade33cee20 GCTaskThread "GC Thread#2" [stack: 0x0000005bbd300000,0x0000005bbd400000] [id=29544]
  0x000001ade32b5040 GCTaskThread "GC Thread#3" [stack: 0x0000005bbd400000,0x0000005bbd500000] [id=31280]
  0x000001ade32b52f0 GCTaskThread "GC Thread#4" [stack: 0x0000005bbd500000,0x0000005bbd600000] [id=33004]
  0x000001adc697b570 ConcurrentGCThread "G1 Main Marker" [stack: 0x0000005bbc000000,0x0000005bbc100000] [id=26672]
  0x000001adc697bf80 ConcurrentGCThread "G1 Conc#0" [stack: 0x0000005bbc100000,0x0000005bbc200000] [id=25460]
  0x000001adc69e13d0 ConcurrentGCThread "G1 Refine#0" [stack: 0x0000005bbc200000,0x0000005bbc300000] [id=25688]
  0x000001adc69e2e00 ConcurrentGCThread "G1 Service" [stack: 0x0000005bbc300000,0x0000005bbc400000] [id=26080]

Threads with active compile tasks:

VM state: not at safepoint (normal execution)

VM Mutex/Monitor currently owned by a thread:  ([mutex/lock_event])
[0x000001adc6957650] Metaspace_lock - owner thread: 0x000001ade3be9bf0

Heap address: 0x00000000fc000000, size: 64 MB, Compressed Oops mode: 32-bit

CDS archive(s) mapped at: [0x0000000800000000-0x0000000800bc0000-0x0000000800bc0000), size 12320768, SharedBaseAddress: 0x0000000800000000, ArchiveRelocationMode: 0.
Compressed class space mapped at: 0x0000000800c00000-0x0000000840c00000, reserved size: 1073741824
Narrow klass base: 0x0000000800000000, Narrow klass shift: 0, Narrow klass range: 0x100000000

GC Precious Log:
 CPUs: 12 total, 12 available
 Memory: 31903M
 Large Page Support: Disabled
 NUMA Support: Disabled
 Compressed Oops: Enabled (32-bit)
 Heap Region Size: 1M
 Heap Min Capacity: 64M
 Heap Initial Capacity: 64M
 Heap Max Capacity: 64M
 Pre-touch: Disabled
 Parallel Workers: 10
 Concurrent Workers: 3
 Concurrent Refinement Workers: 10
 Periodic GC: Disabled

Heap:
 garbage-first heap   total 65536K, used 28792K [0x00000000fc000000, 0x0000000100000000)
  region size 1024K, 22 young (22528K), 3 survivors (3072K)
 Metaspace       used 7898K, committed 8128K, reserved 1056768K
  class space    used 1072K, committed 1152K, reserved 1048576K

Heap Regions: E=young(eden), S=young(survivor), O=old, HS=humongous(starts), HC=humongous(continues), CS=collection set, F=free, OA=open archive, CA=closed archive, TAMS=top-at-mark-start (previous, next)
|   0|0x00000000fc000000, 0x00000000fc100000, 0x00000000fc100000|100%|HS|  |TAMS 0x00000000fc000000, 0x00000000fc000000| Complete 
|   1|0x00000000fc100000, 0x00000000fc200000, 0x00000000fc200000|100%|HC|  |TAMS 0x00000000fc100000, 0x00000000fc100000| Complete 
|   2|0x00000000fc200000, 0x00000000fc300000, 0x00000000fc300000|100%|HC|  |TAMS 0x00000000fc200000, 0x00000000fc200000| Complete 
|   3|0x00000000fc300000, 0x00000000fc400000, 0x00000000fc400000|100%|HC|  |TAMS 0x00000000fc300000, 0x00000000fc300000| Complete 
|   4|0x00000000fc400000, 0x00000000fc500000, 0x00000000fc500000|100%| O|  |TAMS 0x00000000fc400000, 0x00000000fc400000| Untracked 
|   5|0x00000000fc500000, 0x00000000fc600000, 0x00000000fc600000|100%| O|  |TAMS 0x00000000fc500000, 0x00000000fc500000| Untracked 
|   6|0x00000000fc600000, 0x00000000fc700000, 0x00000000fc700000|100%| O|  |TAMS 0x00000000fc600000, 0x00000000fc600000| Untracked 
|   7|0x00000000fc700000, 0x00000000fc71e000, 0x00000000fc800000| 11%| O|  |TAMS 0x00000000fc700000, 0x00000000fc700000| Untracked 
|   8|0x00000000fc800000, 0x00000000fc800000, 0x00000000fc900000|  0%| F|  |TAMS 0x00000000fc800000, 0x00000000fc800000| Untracked 
|   9|0x00000000fc900000, 0x00000000fc900000, 0x00000000fca00000|  0%| F|  |TAMS 0x00000000fc900000, 0x00000000fc900000| Untracked 
|  10|0x00000000fca00000, 0x00000000fca00000, 0x00000000fcb00000|  0%| F|  |TAMS 0x00000000fca00000, 0x00000000fca00000| Untracked 
|  11|0x00000000fcb00000, 0x00000000fcb00000, 0x00000000fcc00000|  0%| F|  |TAMS 0x00000000fcb00000, 0x00000000fcb00000| Untracked 
|  12|0x00000000fcc00000, 0x00000000fcc00000, 0x00000000fcd00000|  0%| F|  |TAMS 0x00000000fcc00000, 0x00000000fcc00000| Untracked 
|  13|0x00000000fcd00000, 0x00000000fcd00000, 0x00000000fce00000|  0%| F|  |TAMS 0x00000000fcd00000, 0x00000000fcd00000| Untracked 
|  14|0x00000000fce00000, 0x00000000fce00000, 0x00000000fcf00000|  0%| F|  |TAMS 0x00000000fce00000, 0x00000000fce00000| Untracked 
|  15|0x00000000fcf00000, 0x00000000fcf00000, 0x00000000fd000000|  0%| F|  |TAMS 0x00000000fcf00000, 0x00000000fcf00000| Untracked 
|  16|0x00000000fd000000, 0x00000000fd000000, 0x00000000fd100000|  0%| F|  |TAMS 0x00000000fd000000, 0x00000000fd000000| Untracked 
|  17|0x00000000fd100000, 0x00000000fd100000, 0x00000000fd200000|  0%| F|  |TAMS 0x00000000fd100000, 0x00000000fd100000| Untracked 
|  18|0x00000000fd200000, 0x00000000fd200000, 0x00000000fd300000|  0%| F|  |TAMS 0x00000000fd200000, 0x00000000fd200000| Untracked 
|  19|0x00000000fd300000, 0x00000000fd300000, 0x00000000fd400000|  0%| F|  |TAMS 0x00000000fd300000, 0x00000000fd300000| Untracked 
|  20|0x00000000fd400000, 0x00000000fd400000, 0x00000000fd500000|  0%| F|  |TAMS 0x00000000fd400000, 0x00000000fd400000| Untracked 
|  21|0x00000000fd500000, 0x00000000fd500000, 0x00000000fd600000|  0%| F|  |TAMS 0x00000000fd500000, 0x00000000fd500000| Untracked 
|  22|0x00000000fd600000, 0x00000000fd600000, 0x00000000fd700000|  0%| F|  |TAMS 0x00000000fd600000, 0x00000000fd600000| Untracked 
|  23|0x00000000fd700000, 0x00000000fd700000, 0x00000000fd800000|  0%| F|  |TAMS 0x00000000fd700000, 0x00000000fd700000| Untracked 
|  24|0x00000000fd800000, 0x00000000fd800000, 0x00000000fd900000|  0%| F|  |TAMS 0x00000000fd800000, 0x00000000fd800000| Untracked 
|  25|0x00000000fd900000, 0x00000000fd900000, 0x00000000fda00000|  0%| F|  |TAMS 0x00000000fd900000, 0x00000000fd900000| Untracked 
|  26|0x00000000fda00000, 0x00000000fda00000, 0x00000000fdb00000|  0%| F|  |TAMS 0x00000000fda00000, 0x00000000fda00000| Untracked 
|  27|0x00000000fdb00000, 0x00000000fdb00000, 0x00000000fdc00000|  0%| F|  |TAMS 0x00000000fdb00000, 0x00000000fdb00000| Untracked 
|  28|0x00000000fdc00000, 0x00000000fdc00000, 0x00000000fdd00000|  0%| F|  |TAMS 0x00000000fdc00000, 0x00000000fdc00000| Untracked 
|  29|0x00000000fdd00000, 0x00000000fdd00000, 0x00000000fde00000|  0%| F|  |TAMS 0x00000000fdd00000, 0x00000000fdd00000| Untracked 
|  30|0x00000000fde00000, 0x00000000fde00000, 0x00000000fdf00000|  0%| F|  |TAMS 0x00000000fde00000, 0x00000000fde00000| Untracked 
|  31|0x00000000fdf00000, 0x00000000fdf00000, 0x00000000fe000000|  0%| F|  |TAMS 0x00000000fdf00000, 0x00000000fdf00000| Untracked 
|  32|0x00000000fe000000, 0x00000000fe000000, 0x00000000fe100000|  0%| F|  |TAMS 0x00000000fe000000, 0x00000000fe000000| Untracked 
|  33|0x00000000fe100000, 0x00000000fe100000, 0x00000000fe200000|  0%| F|  |TAMS 0x00000000fe100000, 0x00000000fe100000| Untracked 
|  34|0x00000000fe200000, 0x00000000fe200000, 0x00000000fe300000|  0%| F|  |TAMS 0x00000000fe200000, 0x00000000fe200000| Untracked 
|  35|0x00000000fe300000, 0x00000000fe300000, 0x00000000fe400000|  0%| F|  |TAMS 0x00000000fe300000, 0x00000000fe300000| Untracked 
|  36|0x00000000fe400000, 0x00000000fe400000, 0x00000000fe500000|  0%| F|  |TAMS 0x00000000fe400000, 0x00000000fe400000| Untracked 
|  37|0x00000000fe500000, 0x00000000fe500000, 0x00000000fe600000|  0%| F|  |TAMS 0x00000000fe500000, 0x00000000fe500000| Untracked 
|  38|0x00000000fe600000, 0x00000000fe700000, 0x00000000fe700000|100%| S|CS|TAMS 0x00000000fe600000, 0x00000000fe600000| Complete 
|  39|0x00000000fe700000, 0x00000000fe800000, 0x00000000fe800000|100%| S|CS|TAMS 0x00000000fe700000, 0x00000000fe700000| Complete 
|  40|0x00000000fe800000, 0x00000000fe900000, 0x00000000fe900000|100%| S|CS|TAMS 0x00000000fe800000, 0x00000000fe800000| Complete 
|  41|0x00000000fe900000, 0x00000000fe900000, 0x00000000fea00000|  0%| F|  |TAMS 0x00000000fe900000, 0x00000000fe900000| Untracked 
|  42|0x00000000fea00000, 0x00000000fea00000, 0x00000000feb00000|  0%| F|  |TAMS 0x00000000fea00000, 0x00000000fea00000| Untracked 
|  43|0x00000000feb00000, 0x00000000feb00000, 0x00000000fec00000|  0%| F|  |TAMS 0x00000000feb00000, 0x00000000feb00000| Untracked 
|  44|0x00000000fec00000, 0x00000000fec00000, 0x00000000fed00000|  0%| F|  |TAMS 0x00000000fec00000, 0x00000000fec00000| Untracked 
|  45|0x00000000fed00000, 0x00000000fedaa378, 0x00000000fee00000| 66%| E|  |TAMS 0x00000000fed00000, 0x00000000fed00000| Complete 
|  46|0x00000000fee00000, 0x00000000fef00000, 0x00000000fef00000|100%| E|CS|TAMS 0x00000000fee00000, 0x00000000fee00000| Complete 
|  47|0x00000000fef00000, 0x00000000ff000000, 0x00000000ff000000|100%| E|CS|TAMS 0x00000000fef00000, 0x00000000fef00000| Complete 
|  48|0x00000000ff000000, 0x00000000ff100000, 0x00000000ff100000|100%| E|CS|TAMS 0x00000000ff000000, 0x00000000ff000000| Complete 
|  49|0x00000000ff100000, 0x00000000ff200000, 0x00000000ff200000|100%| E|CS|TAMS 0x00000000ff100000, 0x00000000ff100000| Complete 
|  50|0x00000000ff200000, 0x00000000ff300000, 0x00000000ff300000|100%| E|CS|TAMS 0x00000000ff200000, 0x00000000ff200000| Complete 
|  51|0x00000000ff300000, 0x00000000ff400000, 0x00000000ff400000|100%| E|CS|TAMS 0x00000000ff300000, 0x00000000ff300000| Complete 
|  52|0x00000000ff400000, 0x00000000ff500000, 0x00000000ff500000|100%| E|CS|TAMS 0x00000000ff400000, 0x00000000ff400000| Complete 
|  53|0x00000000ff500000, 0x00000000ff600000, 0x00000000ff600000|100%| E|CS|TAMS 0x00000000ff500000, 0x00000000ff500000| Complete 
|  54|0x00000000ff600000, 0x00000000ff700000, 0x00000000ff700000|100%| E|CS|TAMS 0x00000000ff600000, 0x00000000ff600000| Complete 
|  55|0x00000000ff700000, 0x00000000ff800000, 0x00000000ff800000|100%| E|CS|TAMS 0x00000000ff700000, 0x00000000ff700000| Complete 
|  56|0x00000000ff800000, 0x00000000ff900000, 0x00000000ff900000|100%| E|CS|TAMS 0x00000000ff800000, 0x00000000ff800000| Complete 
|  57|0x00000000ff900000, 0x00000000ffa00000, 0x00000000ffa00000|100%| E|CS|TAMS 0x00000000ff900000, 0x00000000ff900000| Complete 
|  58|0x00000000ffa00000, 0x00000000ffb00000, 0x00000000ffb00000|100%| E|CS|TAMS 0x00000000ffa00000, 0x00000000ffa00000| Complete 
|  59|0x00000000ffb00000, 0x00000000ffc00000, 0x00000000ffc00000|100%| E|CS|TAMS 0x00000000ffb00000, 0x00000000ffb00000| Complete 
|  60|0x00000000ffc00000, 0x00000000ffd00000, 0x00000000ffd00000|100%| E|CS|TAMS 0x00000000ffc00000, 0x00000000ffc00000| Complete 
|  61|0x00000000ffd00000, 0x00000000ffe00000, 0x00000000ffe00000|100%| E|CS|TAMS 0x00000000ffd00000, 0x00000000ffd00000| Complete 
|  62|0x00000000ffe00000, 0x00000000fff00000, 0x00000000fff00000|100%| E|CS|TAMS 0x00000000ffe00000, 0x00000000ffe00000| Complete 
|  63|0x00000000fff00000, 0x0000000100000000, 0x0000000100000000|100%| E|CS|TAMS 0x00000000fff00000, 0x00000000fff00000| Complete 

Card table byte_map: [0x000001addf600000,0x000001addf620000] _byte_map_base: 0x000001addee20000

Marking Bits (Prev, Next): (CMBitMap*) 0x000001adc697a440, (CMBitMap*) 0x000001adc697a480
 Prev Bits: [0x000001addf640000, 0x000001addf740000)
 Next Bits: [0x000001addf740000, 0x000001addf840000)

Polling page: 0x000001adc6a30000

Metaspace:

Usage:
  Non-class:      6.67 MB used.
      Class:      1.05 MB used.
       Both:      7.71 MB used.

Virtual space:
  Non-class space:        8.00 MB reserved,       6.81 MB ( 85%) committed,  1 nodes.
      Class space:        1.00 GB reserved,       1.12 MB ( <1%) committed,  1 nodes.
             Both:        1.01 GB reserved,       7.94 MB ( <1%) committed. 

Chunk freelists:
   Non-Class:  431.00 KB
       Class:  2.69 MB
        Both:  3.11 MB

MaxMetaspaceSize: unlimited
CompressedClassSpaceSize: 1.00 GB
Initial GC threshold: 21.00 MB
Current GC threshold: 21.00 MB
CDS: on
MetaspaceReclaimPolicy: balanced
 - commit_granule_bytes: 65536.
 - commit_granule_words: 8192.
 - virtual_space_node_default_size: 1048576.
 - enlarge_chunks_in_place: 1.
 - new_chunks_are_fully_committed: 0.
 - uncommit_free_chunks: 1.
 - use_allocation_guard: 0.
 - handle_deallocations: 1.


Internal statistics:

num_allocs_failed_limit: 0.
num_arena_births: 78.
num_arena_deaths: 0.
num_vsnodes_births: 2.
num_vsnodes_deaths: 0.
num_space_committed: 127.
num_space_uncommitted: 0.
num_chunks_returned_to_freelist: 0.
num_chunks_taken_from_freelist: 284.
num_chunk_merges: 0.
num_chunk_splits: 191.
num_chunks_enlarged: 161.
num_purges: 0.
num_inconsistent_stats: 0.

CodeHeap 'non-profiled nmethods': size=120000Kb used=518Kb max_used=518Kb free=119481Kb
 bounds [0x000001add7410000, 0x000001add7680000, 0x000001adde940000]
CodeHeap 'profiled nmethods': size=120000Kb used=2108Kb max_used=2108Kb free=117891Kb
 bounds [0x000001adcfee0000, 0x000001add0150000, 0x000001add7410000]
CodeHeap 'non-nmethods': size=5760Kb used=1177Kb max_used=1196Kb free=4582Kb
 bounds [0x000001adcf940000, 0x000001adcfbb0000, 0x000001adcfee0000]
 total_blobs=1620 nmethods=1161 adapters=372
 compilation: enabled
              stopped_count=0, restarted_count=0
 full_count=0

Compilation events (20 events):
Event: 2.522 Thread 0x000001adc6a25f60 1158       1       java.util.concurrent.locks.AbstractQueuedSynchronizer::getState (5 bytes)
Event: 2.522 Thread 0x000001adc6a25f60 nmethod 1158 0x000001add7490f10 code [0x000001add74910a0, 0x000001add7491178]
Event: 2.770 Thread 0x000001adc6a25f60 1159       1       java.util.concurrent.locks.AbstractQueuedSynchronizer::setState (6 bytes)
Event: 2.770 Thread 0x000001adc6a25f60 nmethod 1159 0x000001add7491210 code [0x000001add74913a0, 0x000001add7491478]
Event: 2.771 Thread 0x000001adc6a25f60 1160       3       java.util.Collections$UnmodifiableMap$UnmodifiableEntrySet$UnmodifiableEntry::getKey (10 bytes)
Event: 2.771 Thread 0x000001adc6a25f60 nmethod 1160 0x000001add00ec390 code [0x000001add00ec540, 0x000001add00ec708]
Event: 2.772 Thread 0x000001adc6a25f60 1161       3       java.lang.ProcessEnvironment$CheckedEntry::getKey (5 bytes)
Event: 2.772 Thread 0x000001adc6a25f60 nmethod 1161 0x000001add00ec810 code [0x000001add00ec9c0, 0x000001add00ecd08]
Event: 2.772 Thread 0x000001adc6a25f60 1162       3       java.lang.ProcessEnvironment$CheckedEntry::getKey (13 bytes)
Event: 2.772 Thread 0x000001adc6a25f60 nmethod 1162 0x000001add00ece10 code [0x000001add00ecfc0, 0x000001add00ed288]
Event: 2.772 Thread 0x000001adc6a25f60 1163       3       java.lang.ProcessEnvironment$EntryComparator::compare (13 bytes)
Event: 2.773 Thread 0x000001adc6a25f60 nmethod 1163 0x000001add00ed390 code [0x000001add00ed580, 0x000001add00edce8]
Event: 2.773 Thread 0x000001adc6a25f60 1164       3       java.lang.ProcessEnvironment$EntryComparator::compare (25 bytes)
Event: 2.773 Thread 0x000001adc6a25f60 nmethod 1164 0x000001add00ede90 code [0x000001add00ee060, 0x000001add00ee548]
Event: 2.773 Thread 0x000001adc6a25f60 1165       3       java.lang.ProcessEnvironment$CheckedEntry::getValue (5 bytes)
Event: 2.773 Thread 0x000001adc6a25f60 nmethod 1165 0x000001add00ee690 code [0x000001add00ee840, 0x000001add00eeb68]
Event: 2.773 Thread 0x000001adc6a25f60 1166       3       java.lang.ProcessEnvironment$CheckedEntry::getValue (13 bytes)
Event: 2.773 Thread 0x000001adc6a25f60 nmethod 1166 0x000001add00eec90 code [0x000001add00eee40, 0x000001add00ef108]
Event: 3.123 Thread 0x000001adc6a25f60 1167       1       java.util.concurrent.atomic.AtomicInteger::get (5 bytes)
Event: 3.123 Thread 0x000001adc6a25f60 nmethod 1167 0x000001add7491510 code [0x000001add74916a0, 0x000001add7491778]

GC Heap History (2 events):
Event: 1.055 GC heap before
{Heap before GC invocations=0 (full 0):
 garbage-first heap   total 65536K, used 26624K [0x00000000fc000000, 0x0000000100000000)
  region size 1024K, 23 young (23552K), 0 survivors (0K)
 Metaspace       used 3943K, committed 4032K, reserved 1056768K
  class space    used 522K, committed 576K, reserved 1048576K
}
Event: 1.120 GC heap after
{Heap after GC invocations=1 (full 0):
 garbage-first heap   total 65536K, used 10360K [0x00000000fc000000, 0x0000000100000000)
  region size 1024K, 3 young (3072K), 3 survivors (3072K)
 Metaspace       used 3943K, committed 4032K, reserved 1056768K
  class space    used 522K, committed 576K, reserved 1048576K
}

Deoptimization events (20 events):
Event: 2.405 Thread 0x000001adc6959b40 DEOPT PACKING pc=0x000001add00165c7 sp=0x0000005bbbefc330
Event: 2.405 Thread 0x000001adc6959b40 DEOPT UNPACKING pc=0x000001adcf996763 sp=0x0000005bbbefb7f8 mode 0
Event: 2.405 Thread 0x000001adc6959b40 DEOPT PACKING pc=0x000001add00165c7 sp=0x0000005bbbefc330
Event: 2.405 Thread 0x000001adc6959b40 DEOPT UNPACKING pc=0x000001adcf996763 sp=0x0000005bbbefb7f8 mode 0
Event: 2.405 Thread 0x000001adc6959b40 DEOPT PACKING pc=0x000001add00165c7 sp=0x0000005bbbefc330
Event: 2.405 Thread 0x000001adc6959b40 DEOPT UNPACKING pc=0x000001adcf996763 sp=0x0000005bbbefb7f8 mode 0
Event: 2.405 Thread 0x000001adc6959b40 DEOPT PACKING pc=0x000001add00165c7 sp=0x0000005bbbefc330
Event: 2.405 Thread 0x000001adc6959b40 DEOPT UNPACKING pc=0x000001adcf996763 sp=0x0000005bbbefb7f8 mode 0
Event: 2.406 Thread 0x000001adc6959b40 DEOPT PACKING pc=0x000001add00165c7 sp=0x0000005bbbefc330
Event: 2.406 Thread 0x000001adc6959b40 DEOPT UNPACKING pc=0x000001adcf996763 sp=0x0000005bbbefb7f8 mode 0
Event: 2.406 Thread 0x000001adc6959b40 DEOPT PACKING pc=0x000001add00165c7 sp=0x0000005bbbefc330
Event: 2.406 Thread 0x000001adc6959b40 DEOPT UNPACKING pc=0x000001adcf996763 sp=0x0000005bbbefb7f8 mode 0
Event: 2.406 Thread 0x000001adc6959b40 DEOPT PACKING pc=0x000001add00165c7 sp=0x0000005bbbefc330
Event: 2.406 Thread 0x000001adc6959b40 DEOPT UNPACKING pc=0x000001adcf996763 sp=0x0000005bbbefb7f8 mode 0
Event: 2.406 Thread 0x000001adc6959b40 DEOPT PACKING pc=0x000001add00165c7 sp=0x0000005bbbefc330
Event: 2.406 Thread 0x000001adc6959b40 DEOPT UNPACKING pc=0x000001adcf996763 sp=0x0000005bbbefb7f8 mode 0
Event: 2.406 Thread 0x000001adc6959b40 DEOPT PACKING pc=0x000001add00165c7 sp=0x0000005bbbefc330
Event: 2.406 Thread 0x000001adc6959b40 DEOPT UNPACKING pc=0x000001adcf996763 sp=0x0000005bbbefb7f8 mode 0
Event: 2.406 Thread 0x000001adc6959b40 DEOPT PACKING pc=0x000001add00165c7 sp=0x0000005bbbefc330
Event: 2.406 Thread 0x000001adc6959b40 DEOPT UNPACKING pc=0x000001adcf996763 sp=0x0000005bbbefb7f8 mode 0

Classes unloaded (0 events):
No events

Classes redefined (0 events):
No events

Internal exceptions (20 events):
Event: 0.158 Thread 0x000001adc6959b40 Exception <a 'java/lang/NoSuchMethodError'{0x00000000ffc4f290}: 'int java.lang.invoke.DirectMethodHandle$Holder.invokeStaticInit(java.lang.Object, java.lang.Object)'> (0x00000000ffc4f290) 
thrown [t:\workspace\open\src\hotspot\share\interpreter\linkResolver.cpp, line 766]
Event: 0.488 Thread 0x000001adc6959b40 Exception <a 'java/lang/NoSuchMethodError'{0x00000000feb5a400}: 'void java.lang.invoke.DirectMethodHandle$Holder.invokeStatic(java.lang.Object, java.lang.Object)'> (0x00000000feb5a400) 
thrown [t:\workspace\open\src\hotspot\share\interpreter\linkResolver.cpp, line 766]
Event: 1.010 Thread 0x000001adc6959b40 Exception <a 'java/lang/NoClassDefFoundError'{0x00000000febe2c30}: org/slf4j/impl/StaticMarkerBinder> (0x00000000febe2c30) 
thrown [t:\workspace\open\src\hotspot\share\classfile\systemDictionary.cpp, line 245]
Event: 1.027 Thread 0x000001adc6959b40 Exception <a 'java/lang/NoSuchMethodError'{0x00000000fea7eb70}: 'java.lang.Object java.lang.invoke.DirectMethodHandle$Holder.invokeVirtual(java.lang.Object, java.lang.Object, java.lang.Object, java.lang.Object, java.lang.Object, java.lang.Object, java.lang.Object)'> (0x00000000fea7eb70) 
thrown [t:\workspace\open\src\hotspot\share\interpreter\linkResolver.cpp, line 766]
Event: 1.028 Thread 0x000001adc6959b40 Exception <a 'java/lang/NoSuchMethodError'{0x00000000fea90120}: 'java.lang.Object java.lang.invoke.Invokers$Holder.invoker(java.lang.Object, java.lang.Object, java.lang.Object)'> (0x00000000fea90120) 
thrown [t:\workspace\open\src\hotspot\share\interpreter\linkResolver.cpp, line 766]
Event: 1.029 Thread 0x000001adc6959b40 Exception <a 'java/lang/NoSuchMethodError'{0x00000000fea991f0}: 'java.lang.Object java.lang.invoke.DirectMethodHandle$Holder.invokeStatic(java.lang.Object, java.lang.Object, int)'> (0x00000000fea991f0) 
thrown [t:\workspace\open\src\hotspot\share\interpreter\linkResolver.cpp, line 766]
Event: 1.030 Thread 0x000001adc6959b40 Exception <a 'java/lang/NoSuchMethodError'{0x00000000feaa4ee0}: 'void java.lang.invoke.DelegatingMethodHandle$Holder.delegate(java.lang.Object, java.lang.Object, int, java.lang.Object)'> (0x00000000feaa4ee0) 
thrown [t:\workspace\open\src\hotspot\share\interpreter\linkResolver.cpp, line 766]
Event: 1.030 Thread 0x000001adc6959b40 Exception <a 'java/lang/NoSuchMethodError'{0x00000000feaa9028}: 'int java.lang.invoke.DirectMethodHandle$Holder.invokeSpecial(java.lang.Object, java.lang.Object, java.lang.Object)'> (0x00000000feaa9028) 
thrown [t:\workspace\open\src\hotspot\share\interpreter\linkResolver.cpp, line 766]
Event: 1.032 Thread 0x000001adc6959b40 Exception <a 'java/lang/NoSuchMethodError'{0x00000000feabc170}: 'java.lang.Object java.lang.invoke.Invokers$Holder.invokeExact_MT(java.lang.Object, java.lang.Object, java.lang.Object, java.lang.Object)'> (0x00000000feabc170) 
thrown [t:\workspace\open\src\hotspot\share\interpreter\linkResolver.cpp, line 766]
Event: 1.153 Thread 0x000001adc6959b40 Exception <a 'java/lang/NoSuchMethodError'{0x00000000ffded7f0}: 'void java.lang.invoke.DirectMethodHandle$Holder.invokeSpecial(java.lang.Object, java.lang.Object, java.lang.Object)'> (0x00000000ffded7f0) 
thrown [t:\workspace\open\src\hotspot\share\interpreter\linkResolver.cpp, line 766]
Event: 1.163 Thread 0x000001adc6959b40 Implicit null exception at 0x000001add745d50a to 0x000001add745da64
Event: 1.163 Thread 0x000001adc6959b40 Implicit null exception at 0x000001add744ec0f to 0x000001add744f174
Event: 1.176 Thread 0x000001adc6959b40 Exception <a 'java/lang/NoSuchMethodError'{0x00000000ffb901a8}: 'java.lang.Object java.lang.invoke.DirectMethodHandle$Holder.invokeStaticInit(java.lang.Object)'> (0x00000000ffb901a8) 
thrown [t:\workspace\open\src\hotspot\share\interpreter\linkResolver.cpp, line 766]
Event: 1.237 Thread 0x000001adc6959b40 Exception <a 'java/lang/NoSuchMethodError'{0x00000000ff7a55c8}: 'java.lang.Object java.lang.invoke.DirectMethodHandle$Holder.invokeStaticInit(java.lang.Object, int, int, int, int)'> (0x00000000ff7a55c8) 
thrown [t:\workspace\open\src\hotspot\share\interpreter\linkResolver.cpp, line 766]
Event: 1.292 Thread 0x000001adc6959b40 Exception <a 'java/lang/NoSuchMethodError'{0x00000000ff7e1d90}: 'java.lang.Object java.lang.invoke.DirectMethodHandle$Holder.invokeStaticInit(java.lang.Object, java.lang.Object, int, int, int, int)'> (0x00000000ff7e1d90) 
thrown [t:\workspace\open\src\hotspot\share\interpreter\linkResolver.cpp, line 766]
Event: 2.321 Thread 0x000001adc6959b40 Exception <a 'java/lang/NoSuchMethodError'{0x00000000ff611608}: 'void java.lang.invoke.DirectMethodHandle$Holder.invokeStatic(java.lang.Object, java.lang.Object, java.lang.Object)'> (0x00000000ff611608) 
thrown [t:\workspace\open\src\hotspot\share\interpreter\linkResolver.cpp, line 766]
Event: 2.340 Thread 0x000001adc6959b40 Implicit null exception at 0x000001add74436f2 to 0x000001add7443cd0
Event: 2.340 Thread 0x000001adc6959b40 Implicit null exception at 0x000001add7452972 to 0x000001add7452f60
Event: 2.368 Thread 0x000001adc6959b40 Exception <a 'java/lang/NoSuchMethodError'{0x00000000ff4688d0}: 'java.lang.Object java.lang.invoke.DirectMethodHandle$Holder.invokeStaticInit(java.lang.Object, int)'> (0x00000000ff4688d0) 
thrown [t:\workspace\open\src\hotspot\share\interpreter\linkResolver.cpp, line 766]
Event: 3.763 Thread 0x000001ade3be9bf0 Exception <a 'java/lang/NoSuchMethodError'{0x00000000fed7fdb8}: 'void java.lang.invoke.DirectMethodHandle$Holder.invokeStatic(java.lang.Object, long)'> (0x00000000fed7fdb8) 
thrown [t:\workspace\open\src\hotspot\share\interpreter\linkResolver.cpp, line 766]

VM Operations (16 events):
Event: 0.572 Executing VM operation: HandshakeAllThreads
Event: 1.002 Executing VM operation: HandshakeAllThreads done
Event: 1.006 Executing VM operation: HandshakeAllThreads
Event: 1.006 Executing VM operation: HandshakeAllThreads done
Event: 1.029 Executing VM operation: HandshakeAllThreads
Event: 1.029 Executing VM operation: HandshakeAllThreads done
Event: 1.055 Executing VM operation: G1CollectForAllocation
Event: 1.120 Executing VM operation: G1CollectForAllocation done
Event: 1.208 Executing VM operation: HandshakeAllThreads
Event: 1.208 Executing VM operation: HandshakeAllThreads done
Event: 1.289 Executing VM operation: HandshakeAllThreads
Event: 1.289 Executing VM operation: HandshakeAllThreads done
Event: 2.289 Executing VM operation: Cleanup
Event: 2.290 Executing VM operation: Cleanup done
Event: 3.290 Executing VM operation: Cleanup
Event: 3.290 Executing VM operation: Cleanup done

Events (20 events):
Event: 2.369 loading class sun/util/resources/TimeZoneNames
Event: 2.370 loading class sun/util/resources/TimeZoneNames done
Event: 2.370 loading class sun/util/resources/TimeZoneNames_en
Event: 2.370 loading class sun/util/resources/TimeZoneNames_en done
Event: 2.410 loading class java/nio/charset/CharacterCodingException
Event: 2.410 loading class java/nio/charset/CharacterCodingException done
Event: 2.417 loading class java/util/ArrayList$SubList$1
Event: 2.417 loading class java/util/ArrayList$SubList$1 done
Event: 2.420 loading class java/util/concurrent/CountDownLatch
Event: 2.420 loading class java/util/concurrent/CountDownLatch done
Event: 2.420 loading class java/util/concurrent/CountDownLatch$Sync
Event: 2.420 loading class java/util/concurrent/CountDownLatch$Sync done
Event: 2.429 Thread 0x000001ade3be9bf0 Thread added: 0x000001ade3be9bf0
Event: 2.770 Thread 0x000001ade3b82500 Thread exited: 0x000001ade3b82500
Event: 2.771 loading class java/lang/ProcessBuilder
Event: 2.771 loading class java/lang/ProcessBuilder done
Event: 2.772 loading class java/lang/ProcessImpl
Event: 2.772 loading class java/lang/Process
Event: 2.772 loading class java/lang/Process done
Event: 2.772 loading class java/lang/ProcessImpl done


Dynamic libraries:
0x00007ff6dc320000 - 0x00007ff6dc330000 	C:\Program Files\Java\jdk-17\bin\java.exe
0x00007ffc4d130000 - 0x00007ffc4d328000 	C:\Windows\SYSTEM32\ntdll.dll
0x00007ffc4b330000 - 0x00007ffc4b3ed000 	C:\Windows\System32\KERNEL32.DLL
0x00007ffc4a9b0000 - 0x00007ffc4aca6000 	C:\Windows\System32\KERNELBASE.dll
0x00007ffc4b070000 - 0x00007ffc4b170000 	C:\Windows\System32\ucrtbase.dll
0x00007ffc2cd10000 - 0x00007ffc2cd28000 	C:\Program Files\Java\jdk-17\bin\jli.dll
0x00007ffc4bc00000 - 0x00007ffc4bcb3000 	C:\Windows\System32\ADVAPI32.dll
0x00007ffc4d050000 - 0x00007ffc4d0ee000 	C:\Windows\System32\msvcrt.dll
0x00007ffc4bf60000 - 0x00007ffc4bfff000 	C:\Windows\System32\sechost.dll
0x00007ffc4c0d0000 - 0x00007ffc4c1f6000 	C:\Windows\System32\RPCRT4.dll
0x00007ffc4a7f0000 - 0x00007ffc4a817000 	C:\Windows\System32\bcrypt.dll
0x00007ffc4b820000 - 0x00007ffc4b9be000 	C:\Windows\System32\USER32.dll
0x00007ffc4aff0000 - 0x00007ffc4b012000 	C:\Windows\System32\win32u.dll
0x00007ffc2c130000 - 0x00007ffc2c14a000 	C:\Program Files\Java\jdk-17\bin\VCRUNTIME140.dll
0x00007ffc4c750000 - 0x00007ffc4c77b000 	C:\Windows\System32\GDI32.dll
0x00007ffc4a890000 - 0x00007ffc4a9a7000 	C:\Windows\System32\gdi32full.dll
0x00007ffc4af50000 - 0x00007ffc4afed000 	C:\Windows\System32\msvcp_win.dll
0x00007ffc32380000 - 0x00007ffc3261a000 	C:\Windows\WinSxS\amd64_microsoft.windows.common-controls_6595b64144ccf1df_6.0.19041.3636_none_60b6a03d71f818d5\COMCTL32.dll
0x00007ffc41a60000 - 0x00007ffc41a6a000 	C:\Windows\SYSTEM32\VERSION.dll
0x00007ffc4c780000 - 0x00007ffc4c7b2000 	C:\Windows\System32\IMM32.DLL
0x00007ffc461e0000 - 0x00007ffc461ec000 	C:\Program Files\Java\jdk-17\bin\vcruntime140_1.dll
0x00007ffc208b0000 - 0x00007ffc2093d000 	C:\Program Files\Java\jdk-17\bin\msvcp140.dll
0x00007ffbd2060000 - 0x00007ffbd2c1e000 	C:\Program Files\Java\jdk-17\bin\server\jvm.dll
0x00007ffc4b320000 - 0x00007ffc4b328000 	C:\Windows\System32\PSAPI.DLL
0x00007ffc2aa80000 - 0x00007ffc2aa89000 	C:\Windows\SYSTEM32\WSOCK32.dll
0x00007ffc4bb10000 - 0x00007ffc4bb7b000 	C:\Windows\System32\WS2_32.dll
0x00007ffc3eba0000 - 0x00007ffc3ebc7000 	C:\Windows\SYSTEM32\WINMM.dll
0x00007ffc486c0000 - 0x00007ffc486d2000 	C:\Windows\SYSTEM32\kernel.appcore.dll
0x00007ffc2dd00000 - 0x00007ffc2dd0a000 	C:\Program Files\Java\jdk-17\bin\jimage.dll
0x00007ffc3e260000 - 0x00007ffc3e444000 	C:\Windows\SYSTEM32\DBGHELP.DLL
0x00007ffc2df40000 - 0x00007ffc2df74000 	C:\Windows\SYSTEM32\dbgcore.DLL
0x00007ffc4aec0000 - 0x00007ffc4af42000 	C:\Windows\System32\bcryptPrimitives.dll
0x00007ffc21950000 - 0x00007ffc21975000 	C:\Program Files\Java\jdk-17\bin\java.dll
0x00007ffc207d0000 - 0x00007ffc208a6000 	C:\Program Files\Java\jdk-17\bin\svml.dll
0x00007ffc4c900000 - 0x00007ffc4d045000 	C:\Windows\System32\SHELL32.dll
0x00007ffc488c0000 - 0x00007ffc4905c000 	C:\Windows\SYSTEM32\windows.storage.dll
0x00007ffc4b3f0000 - 0x00007ffc4b744000 	C:\Windows\System32\combase.dll
0x00007ffc4a220000 - 0x00007ffc4a24e000 	C:\Windows\SYSTEM32\Wldp.dll
0x00007ffc4b750000 - 0x00007ffc4b81d000 	C:\Windows\System32\OLEAUT32.dll
0x00007ffc4c000000 - 0x00007ffc4c0ad000 	C:\Windows\System32\SHCORE.dll
0x00007ffc4be50000 - 0x00007ffc4bea5000 	C:\Windows\System32\shlwapi.dll
0x00007ffc4a720000 - 0x00007ffc4a745000 	C:\Windows\SYSTEM32\profapi.dll
0x00007ffc21930000 - 0x00007ffc21949000 	C:\Program Files\Java\jdk-17\bin\net.dll
0x00007ffc423c0000 - 0x00007ffc424ca000 	C:\Windows\SYSTEM32\WINHTTP.dll
0x00007ffc49f80000 - 0x00007ffc49fea000 	C:\Windows\system32\mswsock.dll
0x00007ffc21910000 - 0x00007ffc21925000 	C:\Program Files\Java\jdk-17\bin\nio.dll
0x00007ffc21860000 - 0x00007ffc21878000 	C:\Program Files\Java\jdk-17\bin\zip.dll
0x00007ffc27910000 - 0x00007ffc27920000 	C:\Program Files\Java\jdk-17\bin\verify.dll
0x00007ffc20ec0000 - 0x00007ffc20ee7000 	D:\Android\.gradle\native\68d5fa5c4cc2d200863cafc0d521ce42e7d3e7ee720ec0a83991735586a16f82\windows-amd64\native-platform.dll
0x00007ffc21840000 - 0x00007ffc21849000 	C:\Program Files\Java\jdk-17\bin\management.dll
0x00007ffc20eb0000 - 0x00007ffc20ebb000 	C:\Program Files\Java\jdk-17\bin\management_ext.dll
0x00007ffc4a170000 - 0x00007ffc4a188000 	C:\Windows\SYSTEM32\CRYPTSP.dll
0x00007ffc49840000 - 0x00007ffc49874000 	C:\Windows\system32\rsaenh.dll
0x00007ffc4a6a0000 - 0x00007ffc4a6ce000 	C:\Windows\SYSTEM32\USERENV.dll
0x00007ffc4a190000 - 0x00007ffc4a19c000 	C:\Windows\SYSTEM32\CRYPTBASE.dll
0x00007ffc49c20000 - 0x00007ffc49c5b000 	C:\Windows\SYSTEM32\IPHLPAPI.DLL
0x00007ffc4c7c0000 - 0x00007ffc4c7c8000 	C:\Windows\System32\NSI.dll
0x00007ffc43f70000 - 0x00007ffc43f87000 	C:\Windows\SYSTEM32\dhcpcsvc6.DLL
0x00007ffc43f50000 - 0x00007ffc43f6d000 	C:\Windows\SYSTEM32\dhcpcsvc.DLL
0x00007ffc49c70000 - 0x00007ffc49d3b000 	C:\Windows\SYSTEM32\DNSAPI.dll

dbghelp: loaded successfully - version: 4.0.5 - missing functions: none
symbol engine: initialized successfully - sym options: 0x614 - pdb path: .;C:\Program Files\Java\jdk-17\bin;C:\Windows\SYSTEM32;C:\Windows\WinSxS\amd64_microsoft.windows.common-controls_6595b64144ccf1df_6.0.19041.3636_none_60b6a03d71f818d5;C:\Program Files\Java\jdk-17\bin\server;D:\Android\.gradle\native\68d5fa5c4cc2d200863cafc0d521ce42e7d3e7ee720ec0a83991735586a16f82\windows-amd64

VM Arguments:
jvm_args: -Xmx64m -Xms64m -Dorg.gradle.appname=gradlew 
java_command: org.gradle.wrapper.GradleWrapperMain app:installDebug -PreactNativeDevServerPort=8081
java_class_path (initial): E:\Projects\ToyRentJunction\toy_rent_junction\android\\gradle\wrapper\gradle-wrapper.jar
Launcher Type: SUN_STANDARD

[Global flags]
     intx CICompilerCount                          = 4                                         {product} {ergonomic}
     uint ConcGCThreads                            = 3                                         {product} {ergonomic}
     uint G1ConcRefinementThreads                  = 10                                        {product} {ergonomic}
   size_t G1HeapRegionSize                         = 1048576                                   {product} {ergonomic}
    uintx GCDrainStackTargetSize                   = 64                                        {product} {ergonomic}
   size_t InitialHeapSize                          = 67108864                                  {product} {command line}
   size_t MarkStackSize                            = 4194304                                   {product} {ergonomic}
   size_t MaxHeapSize                              = 67108864                                  {product} {command line}
   size_t MaxNewSize                               = 39845888                                  {product} {ergonomic}
   size_t MinHeapDeltaBytes                        = 1048576                                   {product} {ergonomic}
   size_t MinHeapSize                              = 67108864                                  {product} {command line}
    uintx NonNMethodCodeHeapSize                   = 5839372                                {pd product} {ergonomic}
    uintx NonProfiledCodeHeapSize                  = 122909434                              {pd product} {ergonomic}
    uintx ProfiledCodeHeapSize                     = 122909434                              {pd product} {ergonomic}
    uintx ReservedCodeCacheSize                    = 251658240                              {pd product} {ergonomic}
     bool SegmentedCodeCache                       = true                                      {product} {ergonomic}
   size_t SoftMaxHeapSize                          = 67108864                               {manageable} {ergonomic}
     bool UseCompressedClassPointers               = true                           {product lp64_product} {ergonomic}
     bool UseCompressedOops                        = true                           {product lp64_product} {ergonomic}
     bool UseG1GC                                  = true                                      {product} {ergonomic}
     bool UseLargePagesIndividualAllocation        = false                                  {pd product} {ergonomic}

Logging:
Log output configuration:
 #0: stdout all=warning uptime,level,tags
 #1: stderr all=off uptime,level,tags

Environment Variables:
JAVA_HOME=C:\Program Files\Java\jdk-17
CLASSPATH=E:\Projects\ToyRentJunction\toy_rent_junction\android\\gradle\wrapper\gradle-wrapper.jar
PATH=E:\Projects\ToyRentJunction\toy_rent_junction\node_modules\.bin;E:\Projects\ToyRentJunction\toy_rent_junction\node_modules\.bin;E:\Projects\ToyRentJunction\node_modules\.bin;E:\Projects\node_modules\.bin;E:\node_modules\.bin;C:\Program Files\nodejs\node_modules\npm\node_modules\@npmcli\run-script\lib\node-gyp-bin;E:\Projects\ToyRentJunction\toy_rent_junction\node_modules\.bin;E:\Projects\ToyRentJunction\toy_rent_junction\android\node_modules\.bin;E:\Projects\ToyRentJunction\toy_rent_junction\node_modules\.bin;E:\Projects\ToyRentJunction\node_modules\.bin;E:\Projects\node_modules\.bin;E:\node_modules\.bin;C:\Program Files\nodejs\node_modules\npm\node_modules\@npmcli\run-script\lib\node-gyp-bin;C:\Program Files (x86)\Common Files\Oracle\Java\javapath;D:\platform-tools;C:\Windows\system32;C:\Windows;C:\Windows\System32\Wbem;C:\Windows\System32\WindowsPowerShell\v1.0\;C:\Windows\System32\OpenSSH\;C:\Program Files\Git\cmd;C:\Users\malon\AppData\Roaming\nvm;C:\Program Files\nodejs;C:\Program Files\dotnet\;C:\ProgramData\ComposerSetup\bin;C:\Program Files\SafeNet\Authentication\SAC\x64;C:\Program Files\SafeNet\Authentication\SAC\x32;D:\FDM Downloads\openssl-1.0.2q-x64_86-win64;C:\Program Files\Java\jdk-17;F:\AppData\Local\Android\Sdk\platform-tools;D:\Program Files\Python3_9\Python39\;C:\Users\malon\AppData\Local\Microsoft\WindowsApps;C:\Users\malon\AppData\Roaming\npm;C:\Users\malon\.dotnet\tools;C:\Users\malon\AppData\Roaming\Composer\vendor\bin;C:\adb;D:\Program Files\Python3_9\Python39\Scripts;D:\Program Files\Python3_9\Python39\;C:\Program Files\Docker\Docker\resources;C:\Program Files\NVIDIA Corporation\NVIDIA NvDLISR;C:\Program Files (x86)\NVIDIA Corporation\PhysX\Common;E:\Program Files\Putty\;C:\Program Files\Java\jdk-17\bin;D:\Program Files\PostgreSQL\13\bin;D:\Program Files\PostgreSQL\13\lib;C:\Program Files\CMake\bin;E:\Program Files\stripe.exe;D:\Android\.gradle;C:\Program Files\Docker\Docker\resources\bin;C:\Program Files\Microsoft SQL Server\150\Tools\Binn
USERNAME=malon
OS=Windows_NT
PROCESSOR_IDENTIFIER=AMD64 Family 25 Model 97 Stepping 2, AuthenticAMD



---------------  S Y S T E M  ---------------

OS:
 Windows 10 , 64 bit Build 19041 (10.0.19041.3636)
OS uptime: 0 days 3:17 hours

CPU: total 12 (initial active 12) (12 cores per cpu, 2 threads per core) family 25 model 97 stepping 2 microcode 0x0, cx8, cmov, fxsr, ht, mmx, 3dnowpref, sse, sse2, sse3, ssse3, sse4a, sse4.1, sse4.2, popcnt, lzcnt, tsc, tscinvbit, avx, avx2, aes, erms, clmul, bmi1, bmi2, adx, avx512f, avx512dq, avx512cd, avx512bw, avx512vl, sha, fma, vzeroupper, avx512_vpopcntdq, avx512_vpclmulqdq, avx512_vaes, avx512_vnni, clflush, clflushopt, avx512_vbmi2, avx512_vbmi

Memory: 4k page, system-wide physical 31903M (6095M free)
TotalPageFile size 44972M (AvailPageFile size 593M)
current process WorkingSet (physical memory assigned to process): 90M, peak: 90M
current process commit charge ("private bytes"): 170M, peak: 171M

vm_info: Java HotSpot(TM) 64-Bit Server VM (17+35-LTS-2724) for windows-amd64 JRE (17+35-LTS-2724), built on Aug  5 2021 23:28:28 by "mach5one" with MS VC++ 16.8 (VS2019)

END.
