#
# There is insufficient memory for the Java Runtime Environment to continue.
# Native memory allocation (mmap) failed to map 65536 bytes for Failed to commit metaspace.
# Possible reasons:
#   The system is out of physical RAM or swap space
#   The process is running with CompressedOops enabled, and the Java Heap may be blocking the growth of the native heap
# Possible solutions:
#   Reduce memory load on the system
#   Increase physical memory or swap space
#   Check if swap backing store is full
#   Decrease Java heap size (-Xmx/-Xms)
#   Decrease number of Java threads
#   Decrease Java thread stack sizes (-Xss)
#   Set larger code cache with -XX:ReservedCodeCacheSize=
#   JVM is running with Unscaled Compressed Oops mode in which the Java heap is
#     placed in the first 4GB address space. The Java Heap base address is the
#     maximum limit for the native heap growth. Please use -XX:HeapBaseMinAddress
#     to set the Java Heap base and to place the Java Heap above 4GB virtual address.
# This output file may be truncated or incomplete.
#
#  Out of Memory Error (virtualSpaceNode.cpp:110), pid=20620, tid=25412
#
# JRE version: Java(TM) SE Runtime Environment (17.0+35) (build 17+35-LTS-2724)
# Java VM: Java HotSpot(TM) 64-Bit Server VM (17+35-LTS-2724, mixed mode, sharing, tiered, compressed oops, compressed class ptrs, g1 gc, windows-amd64)
# No core dump will be written. Minidumps are not enabled by default on client versions of Windows
#

---------------  S U M M A R Y ------------

Command Line: -Xmx64m -Xms64m -Dorg.gradle.appname=gradlew org.gradle.wrapper.GradleWrapperMain app:installDebug -PreactNativeDevServerPort=8081

Host: AMD Ryzen 5 7600X 6-Core Processor             , 12 cores, 31G,  Windows 10 , 64 bit Build 19041 (10.0.19041.3636)
Time: Tue Feb 27 17:46:15 2024 India Standard Time elapsed time: 2.475358 seconds (0d 0h 0m 2s)

---------------  T H R E A D  ---------------

Current thread (0x000001a303ebd400):  JavaThread "main" [_thread_in_vm, id=25412, stack(0x00000049b2e00000,0x00000049b2f00000)]

Stack: [0x00000049b2e00000,0x00000049b2f00000]
Native frames: (J=compiled Java code, j=interpreted, Vv=VM code, C=native code)
V  [jvm.dll+0x66f8ea]
V  [jvm.dll+0x7ce224]
V  [jvm.dll+0x7cf9ce]
V  [jvm.dll+0x7d0033]
V  [jvm.dll+0x242bb5]
V  [jvm.dll+0x7ca1cb]
V  [jvm.dll+0x615a46]
V  [jvm.dll+0x1be28e]
V  [jvm.dll+0x618381]
V  [jvm.dll+0x6163e6]
V  [jvm.dll+0x367892]
V  [jvm.dll+0x1dfb6b]
V  [jvm.dll+0x5375e9]
V  [jvm.dll+0x749598]
V  [jvm.dll+0x749684]
V  [jvm.dll+0x4088c5]
V  [jvm.dll+0x40e918]
C  [java.dll+0x1971]

Java frames: (J=compiled Java code, j=interpreted, Vv=VM code)
j  java.lang.ClassLoader.defineClass2(Ljava/lang/ClassLoader;Ljava/lang/String;Ljava/nio/ByteBuffer;IILjava/security/ProtectionDomain;Ljava/lang/String;)Ljava/lang/Class;+0 java.base@17
j  java.lang.ClassLoader.defineClass(Ljava/lang/String;Ljava/nio/ByteBuffer;Ljava/security/ProtectionDomain;)Ljava/lang/Class;+93 java.base@17
j  java.security.SecureClassLoader.defineClass(Ljava/lang/String;Ljava/nio/ByteBuffer;Ljava/security/CodeSource;)Ljava/lang/Class;+8 java.base@17
j  jdk.internal.loader.BuiltinClassLoader.defineClass(Ljava/lang/String;Ljdk/internal/loader/BuiltinClassLoader$LoadedModule;)Ljava/lang/Class;+127 java.base@17
j  jdk.internal.loader.BuiltinClassLoader.findClassInModuleOrNull(Ljdk/internal/loader/BuiltinClassLoader$LoadedModule;Ljava/lang/String;)Ljava/lang/Class;+9 java.base@17
j  jdk.internal.loader.BuiltinClassLoader.findClass(Ljava/lang/String;Ljava/lang/String;)Ljava/lang/Class;+42 java.base@17
j  java.lang.ClassLoader.loadClass(Ljava/lang/Module;Ljava/lang/String;)Ljava/lang/Class;+26 java.base@17
j  java.lang.Class.forName(Ljava/lang/Module;Ljava/lang/String;)Ljava/lang/Class;+81 java.base@17
j  java.util.ServiceLoader.loadProvider(Ljdk/internal/module/ServicesCatalog$ServiceProvider;)Ljava/util/ServiceLoader$Provider;+38 java.base@17
j  java.util.ServiceLoader$ModuleServicesLookupIterator.hasNext()Z+79 java.base@17
j  java.util.ServiceLoader$2.hasNext()Z+4 java.base@17
j  java.util.ServiceLoader$3.hasNext()Z+32 java.base@17
j  sun.util.cldr.CLDRLocaleProviderAdapter.lambda$new$0()Lsun/util/locale/provider/LocaleDataMetaInfo;+10 java.base@17
j  sun.util.cldr.CLDRLocaleProviderAdapter$$Lambda$51+0x800000059.run()Ljava/lang/Object;+0 java.base@17
j  java.security.AccessController.executePrivileged(Ljava/security/PrivilegedExceptionAction;Ljava/security/AccessControlContext;Ljava/lang/Class;)Ljava/lang/Object;+29 java.base@17
j  java.security.AccessController.doPrivileged(Ljava/security/PrivilegedExceptionAction;)Ljava/lang/Object;+9 java.base@17
j  sun.util.cldr.CLDRLocaleProviderAdapter.<init>()V+9 java.base@17
v  ~StubRoutines::call_stub
j  jdk.internal.reflect.NativeConstructorAccessorImpl.newInstance0(Ljava/lang/reflect/Constructor;[Ljava/lang/Object;)Ljava/lang/Object;+0 java.base@17
j  jdk.internal.reflect.NativeConstructorAccessorImpl.newInstance([Ljava/lang/Object;)Ljava/lang/Object;+118 java.base@17
j  jdk.internal.reflect.DelegatingConstructorAccessorImpl.newInstance([Ljava/lang/Object;)Ljava/lang/Object;+5 java.base@17
j  java.lang.reflect.Constructor.newInstanceWithCaller([Ljava/lang/Object;ZLjava/lang/Class;)Ljava/lang/Object;+65 java.base@17
j  java.lang.reflect.Constructor.newInstance([Ljava/lang/Object;)Ljava/lang/Object;+30 java.base@17
j  sun.util.locale.provider.LocaleProviderAdapter.forType(Lsun/util/locale/provider/LocaleProviderAdapter$Type;)Lsun/util/locale/provider/LocaleProviderAdapter;+79 java.base@17
j  sun.util.locale.provider.LocaleProviderAdapter.findAdapter(Ljava/lang/Class;Ljava/util/Locale;)Lsun/util/locale/provider/LocaleProviderAdapter;+29 java.base@17
j  sun.util.locale.provider.LocaleProviderAdapter.getAdapter(Ljava/lang/Class;Ljava/util/Locale;)Lsun/util/locale/provider/LocaleProviderAdapter;+55 java.base@17
j  java.util.Calendar.createCalendar(Ljava/util/TimeZone;Ljava/util/Locale;)Ljava/util/Calendar;+3 java.base@17
j  java.util.Calendar.getInstance()Ljava/util/Calendar;+12 java.base@17
j  org.gradle.launcher.daemon.registry.DaemonStopEvent.occurredInLastHours(I)Z+0
j  org.gradle.launcher.daemon.registry.DaemonStopEvents$2.isSatisfiedBy(Lorg/gradle/launcher/daemon/registry/DaemonStopEvent;)Z+2
j  org.gradle.launcher.daemon.registry.DaemonStopEvents$2.isSatisfiedBy(Ljava/lang/Object;)Z+5
j  org.gradle.util.internal.CollectionUtils.filter(Ljava/lang/Iterable;Ljava/util/Collection;Lorg/gradle/api/specs/Spec;)Ljava/util/Collection;+27
j  org.gradle.util.internal.CollectionUtils.filter(Ljava/util/List;Lorg/gradle/api/specs/Spec;)Ljava/util/List;+11
j  org.gradle.launcher.daemon.registry.DaemonStopEvents.oldStopEvents(Ljava/util/List;)Ljava/util/List;+8
j  org.gradle.launcher.daemon.client.DefaultDaemonConnector.handleStopEvents(Ljava/util/Collection;Ljava/util/Collection;)V+15
j  org.gradle.launcher.daemon.client.DefaultDaemonConnector.connect(Lorg/gradle/api/internal/specs/ExplainingSpec;)Lorg/gradle/launcher/daemon/client/DaemonClientConnection;+71
j  org.gradle.launcher.daemon.client.DaemonClient.execute(Lorg/gradle/internal/invocation/BuildAction;Lorg/gradle/launcher/exec/BuildActionParameters;Lorg/gradle/initialization/BuildRequestContext;)Lorg/gradle/launcher/exec/BuildActionResult;+62
j  org.gradle.launcher.daemon.client.DaemonClient.execute(Lorg/gradle/internal/invocation/BuildAction;Ljava/lang/Object;Ljava/lang/Object;)Lorg/gradle/launcher/exec/BuildActionResult;+10
j  org.gradle.launcher.cli.RunBuildAction.run()V+74
j  org.gradle.internal.Actions$RunnableActionAdapter.execute(Ljava/lang/Object;)V+4
j  org.gradle.launcher.cli.DefaultCommandLineActionFactory$ParseAndBuildAction.execute(Lorg/gradle/launcher/bootstrap/ExecutionListener;)V+60
j  org.gradle.launcher.cli.DefaultCommandLineActionFactory$ParseAndBuildAction.execute(Ljava/lang/Object;)V+5
j  org.gradle.launcher.cli.DebugLoggerWarningAction.execute(Lorg/gradle/launcher/bootstrap/ExecutionListener;)V+9
j  org.gradle.launcher.cli.DebugLoggerWarningAction.execute(Ljava/lang/Object;)V+5
j  org.gradle.launcher.cli.WelcomeMessageAction.execute(Lorg/gradle/launcher/bootstrap/ExecutionListener;)V+218
j  org.gradle.launcher.cli.WelcomeMessageAction.execute(Ljava/lang/Object;)V+5
j  org.gradle.launcher.cli.NativeServicesInitializingAction.execute(Lorg/gradle/launcher/bootstrap/ExecutionListener;)V+35
j  org.gradle.launcher.cli.NativeServicesInitializingAction.execute(Ljava/lang/Object;)V+5
j  org.gradle.launcher.cli.ExceptionReportingAction.execute(Lorg/gradle/launcher/bootstrap/ExecutionListener;)V+5
j  org.gradle.launcher.cli.ExceptionReportingAction.execute(Ljava/lang/Object;)V+5
j  org.gradle.launcher.cli.DefaultCommandLineActionFactory$WithLogging.execute(Lorg/gradle/launcher/bootstrap/ExecutionListener;)V+299
j  org.gradle.launcher.Main.doAction([Ljava/lang/String;Lorg/gradle/launcher/bootstrap/ExecutionListener;)V+14
j  org.gradle.launcher.bootstrap.EntryPoint.run([Ljava/lang/String;)V+12
v  ~StubRoutines::call_stub
j  jdk.internal.reflect.NativeMethodAccessorImpl.invoke0(Ljava/lang/reflect/Method;Ljava/lang/Object;[Ljava/lang/Object;)Ljava/lang/Object;+0 java.base@17
j  jdk.internal.reflect.NativeMethodAccessorImpl.invoke(Ljava/lang/Object;[Ljava/lang/Object;)Ljava/lang/Object;+133 java.base@17
j  jdk.internal.reflect.DelegatingMethodAccessorImpl.invoke(Ljava/lang/Object;[Ljava/lang/Object;)Ljava/lang/Object;+6 java.base@17
j  java.lang.reflect.Method.invoke(Ljava/lang/Object;[Ljava/lang/Object;)Ljava/lang/Object;+59 java.base@17
j  org.gradle.launcher.bootstrap.ProcessBootstrap.runNoExit(Ljava/lang/String;[Ljava/lang/String;)V+159
j  org.gradle.launcher.bootstrap.ProcessBootstrap.run(Ljava/lang/String;[Ljava/lang/String;)V+2
v  ~StubRoutines::call_stub
j  jdk.internal.reflect.NativeMethodAccessorImpl.invoke0(Ljava/lang/reflect/Method;Ljava/lang/Object;[Ljava/lang/Object;)Ljava/lang/Object;+0 java.base@17
j  jdk.internal.reflect.NativeMethodAccessorImpl.invoke(Ljava/lang/Object;[Ljava/lang/Object;)Ljava/lang/Object;+133 java.base@17
j  jdk.internal.reflect.DelegatingMethodAccessorImpl.invoke(Ljava/lang/Object;[Ljava/lang/Object;)Ljava/lang/Object;+6 java.base@17
j  java.lang.reflect.Method.invoke(Ljava/lang/Object;[Ljava/lang/Object;)Ljava/lang/Object;+59 java.base@17
j  org.gradle.launcher.GradleMain.main([Ljava/lang/String;)V+100
v  ~StubRoutines::call_stub
j  jdk.internal.reflect.NativeMethodAccessorImpl.invoke0(Ljava/lang/reflect/Method;Ljava/lang/Object;[Ljava/lang/Object;)Ljava/lang/Object;+0 java.base@17
j  jdk.internal.reflect.NativeMethodAccessorImpl.invoke(Ljava/lang/Object;[Ljava/lang/Object;)Ljava/lang/Object;+133 java.base@17
j  jdk.internal.reflect.DelegatingMethodAccessorImpl.invoke(Ljava/lang/Object;[Ljava/lang/Object;)Ljava/lang/Object;+6 java.base@17
j  java.lang.reflect.Method.invoke(Ljava/lang/Object;[Ljava/lang/Object;)Ljava/lang/Object;+59 java.base@17
j  org.gradle.wrapper.BootstrapMainStarter.start([Ljava/lang/String;Ljava/io/File;)V+105
j  org.gradle.wrapper.WrapperExecutor.execute([Ljava/lang/String;Lorg/gradle/wrapper/Install;Lorg/gradle/wrapper/BootstrapMainStarter;)V+14
j  org.gradle.wrapper.GradleWrapperMain.main([Ljava/lang/String;)V+206
v  ~StubRoutines::call_stub

---------------  P R O C E S S  ---------------

Threads class SMR info:
_java_thread_list=0x000001a3213e5780, length=13, elements={
0x000001a303ebd400, 0x000001a303f6a930, 0x000001a303f6b4e0, 0x000001a303f7d8c0,
0x000001a303f7e470, 0x000001a303f82e40, 0x000001a303f85800, 0x000001a303f864e0,
0x000001a303f87390, 0x000001a303f88d90, 0x000001a31fa12e50, 0x000001a31fa144d0,
0x000001a32135a920
}

Java Threads: ( => current thread )
=>0x000001a303ebd400 JavaThread "main" [_thread_in_vm, id=25412, stack(0x00000049b2e00000,0x00000049b2f00000)]
  0x000001a303f6a930 JavaThread "Reference Handler" daemon [_thread_blocked, id=30164, stack(0x00000049b3500000,0x00000049b3600000)]
  0x000001a303f6b4e0 JavaThread "Finalizer" daemon [_thread_blocked, id=32552, stack(0x00000049b3600000,0x00000049b3700000)]
  0x000001a303f7d8c0 JavaThread "Signal Dispatcher" daemon [_thread_blocked, id=32356, stack(0x00000049b3700000,0x00000049b3800000)]
  0x000001a303f7e470 JavaThread "Attach Listener" daemon [_thread_blocked, id=28056, stack(0x00000049b3800000,0x00000049b3900000)]
  0x000001a303f82e40 JavaThread "Service Thread" daemon [_thread_blocked, id=28116, stack(0x00000049b3900000,0x00000049b3a00000)]
  0x000001a303f85800 JavaThread "Monitor Deflation Thread" daemon [_thread_blocked, id=25304, stack(0x00000049b3a00000,0x00000049b3b00000)]
  0x000001a303f864e0 JavaThread "C2 CompilerThread0" daemon [_thread_blocked, id=24332, stack(0x00000049b3b00000,0x00000049b3c00000)]
  0x000001a303f87390 JavaThread "C1 CompilerThread0" daemon [_thread_blocked, id=30612, stack(0x00000049b3c00000,0x00000049b3d00000)]
  0x000001a303f88d90 JavaThread "Sweeper thread" daemon [_thread_blocked, id=29568, stack(0x00000049b3d00000,0x00000049b3e00000)]
  0x000001a31fa12e50 JavaThread "Notification Thread" daemon [_thread_blocked, id=7112, stack(0x00000049b3e00000,0x00000049b3f00000)]
  0x000001a31fa144d0 JavaThread "Common-Cleaner" daemon [_thread_blocked, id=23864, stack(0x00000049b4000000,0x00000049b4100000)]
  0x000001a32135a920 JavaThread "pool-1-thread-1" [_thread_blocked, id=28104, stack(0x00000049b4700000,0x00000049b4800000)]

Other Threads:
  0x000001a303f63e30 VMThread "VM Thread" [stack: 0x00000049b3400000,0x00000049b3500000] [id=24408]
  0x000001a303f8ed10 WatcherThread [stack: 0x00000049b3f00000,0x00000049b4000000] [id=20876]
  0x000001a303edc0c0 GCTaskThread "GC Thread#0" [stack: 0x00000049b2f00000,0x00000049b3000000] [id=29352]
  0x000001a320570950 GCTaskThread "GC Thread#1" [stack: 0x00000049b4300000,0x00000049b4400000] [id=26924]
  0x000001a320ea4610 GCTaskThread "GC Thread#2" [stack: 0x00000049b4400000,0x00000049b4500000] [id=33140]
  0x000001a32086c9e0 GCTaskThread "GC Thread#3" [stack: 0x00000049b4500000,0x00000049b4600000] [id=32332]
  0x000001a32086cc90 GCTaskThread "GC Thread#4" [stack: 0x00000049b4600000,0x00000049b4700000] [id=30108]
  0x000001a303edd800 ConcurrentGCThread "G1 Main Marker" [stack: 0x00000049b3000000,0x00000049b3100000] [id=27616]
  0x000001a303ede210 ConcurrentGCThread "G1 Conc#0" [stack: 0x00000049b3100000,0x00000049b3200000] [id=23764]
  0x000001a303f41f50 ConcurrentGCThread "G1 Refine#0" [stack: 0x00000049b3200000,0x00000049b3300000] [id=12240]
  0x000001a303f42970 ConcurrentGCThread "G1 Service" [stack: 0x00000049b3300000,0x00000049b3400000] [id=28348]

Threads with active compile tasks:

VM state: not at safepoint (normal execution)

VM Mutex/Monitor currently owned by a thread:  ([mutex/lock_event])
[0x000001a303eb6210] Metaspace_lock - owner thread: 0x000001a303ebd400

Heap address: 0x00000000fc000000, size: 64 MB, Compressed Oops mode: 32-bit

CDS archive(s) mapped at: [0x0000000800000000-0x0000000800bc0000-0x0000000800bc0000), size 12320768, SharedBaseAddress: 0x0000000800000000, ArchiveRelocationMode: 0.
Compressed class space mapped at: 0x0000000800c00000-0x0000000840c00000, reserved size: 1073741824
Narrow klass base: 0x0000000800000000, Narrow klass shift: 0, Narrow klass range: 0x100000000

GC Precious Log:
 CPUs: 12 total, 12 available
 Memory: 31903M
 Large Page Support: Disabled
 NUMA Support: Disabled
 Compressed Oops: Enabled (32-bit)
 Heap Region Size: 1M
 Heap Min Capacity: 64M
 Heap Initial Capacity: 64M
 Heap Max Capacity: 64M
 Pre-touch: Disabled
 Parallel Workers: 10
 Concurrent Workers: 3
 Concurrent Refinement Workers: 10
 Periodic GC: Disabled

Heap:
 garbage-first heap   total 65536K, used 21008K [0x00000000fc000000, 0x0000000100000000)
  region size 1024K, 14 young (14336K), 3 survivors (3072K)
 Metaspace       used 6965K, committed 7104K, reserved 1056768K
  class space    used 975K, committed 1024K, reserved 1048576K

Heap Regions: E=young(eden), S=young(survivor), O=old, HS=humongous(starts), HC=humongous(continues), CS=collection set, F=free, OA=open archive, CA=closed archive, TAMS=top-at-mark-start (previous, next)
|   0|0x00000000fc000000, 0x00000000fc100000, 0x00000000fc100000|100%|HS|  |TAMS 0x00000000fc000000, 0x00000000fc000000| Complete 
|   1|0x00000000fc100000, 0x00000000fc200000, 0x00000000fc200000|100%|HC|  |TAMS 0x00000000fc100000, 0x00000000fc100000| Complete 
|   2|0x00000000fc200000, 0x00000000fc300000, 0x00000000fc300000|100%|HC|  |TAMS 0x00000000fc200000, 0x00000000fc200000| Complete 
|   3|0x00000000fc300000, 0x00000000fc400000, 0x00000000fc400000|100%|HC|  |TAMS 0x00000000fc300000, 0x00000000fc300000| Complete 
|   4|0x00000000fc400000, 0x00000000fc500000, 0x00000000fc500000|100%| O|  |TAMS 0x00000000fc400000, 0x00000000fc400000| Untracked 
|   5|0x00000000fc500000, 0x00000000fc600000, 0x00000000fc600000|100%| O|  |TAMS 0x00000000fc500000, 0x00000000fc500000| Untracked 
|   6|0x00000000fc600000, 0x00000000fc700000, 0x00000000fc700000|100%| O|  |TAMS 0x00000000fc600000, 0x00000000fc600000| Untracked 
|   7|0x00000000fc700000, 0x00000000fc784200, 0x00000000fc800000| 51%| O|  |TAMS 0x00000000fc700000, 0x00000000fc700000| Untracked 
|   8|0x00000000fc800000, 0x00000000fc800000, 0x00000000fc900000|  0%| F|  |TAMS 0x00000000fc800000, 0x00000000fc800000| Untracked 
|   9|0x00000000fc900000, 0x00000000fc900000, 0x00000000fca00000|  0%| F|  |TAMS 0x00000000fc900000, 0x00000000fc900000| Untracked 
|  10|0x00000000fca00000, 0x00000000fca00000, 0x00000000fcb00000|  0%| F|  |TAMS 0x00000000fca00000, 0x00000000fca00000| Untracked 
|  11|0x00000000fcb00000, 0x00000000fcb00000, 0x00000000fcc00000|  0%| F|  |TAMS 0x00000000fcb00000, 0x00000000fcb00000| Untracked 
|  12|0x00000000fcc00000, 0x00000000fcc00000, 0x00000000fcd00000|  0%| F|  |TAMS 0x00000000fcc00000, 0x00000000fcc00000| Untracked 
|  13|0x00000000fcd00000, 0x00000000fcd00000, 0x00000000fce00000|  0%| F|  |TAMS 0x00000000fcd00000, 0x00000000fcd00000| Untracked 
|  14|0x00000000fce00000, 0x00000000fce00000, 0x00000000fcf00000|  0%| F|  |TAMS 0x00000000fce00000, 0x00000000fce00000| Untracked 
|  15|0x00000000fcf00000, 0x00000000fcf00000, 0x00000000fd000000|  0%| F|  |TAMS 0x00000000fcf00000, 0x00000000fcf00000| Untracked 
|  16|0x00000000fd000000, 0x00000000fd000000, 0x00000000fd100000|  0%| F|  |TAMS 0x00000000fd000000, 0x00000000fd000000| Untracked 
|  17|0x00000000fd100000, 0x00000000fd100000, 0x00000000fd200000|  0%| F|  |TAMS 0x00000000fd100000, 0x00000000fd100000| Untracked 
|  18|0x00000000fd200000, 0x00000000fd200000, 0x00000000fd300000|  0%| F|  |TAMS 0x00000000fd200000, 0x00000000fd200000| Untracked 
|  19|0x00000000fd300000, 0x00000000fd300000, 0x00000000fd400000|  0%| F|  |TAMS 0x00000000fd300000, 0x00000000fd300000| Untracked 
|  20|0x00000000fd400000, 0x00000000fd400000, 0x00000000fd500000|  0%| F|  |TAMS 0x00000000fd400000, 0x00000000fd400000| Untracked 
|  21|0x00000000fd500000, 0x00000000fd500000, 0x00000000fd600000|  0%| F|  |TAMS 0x00000000fd500000, 0x00000000fd500000| Untracked 
|  22|0x00000000fd600000, 0x00000000fd600000, 0x00000000fd700000|  0%| F|  |TAMS 0x00000000fd600000, 0x00000000fd600000| Untracked 
|  23|0x00000000fd700000, 0x00000000fd700000, 0x00000000fd800000|  0%| F|  |TAMS 0x00000000fd700000, 0x00000000fd700000| Untracked 
|  24|0x00000000fd800000, 0x00000000fd800000, 0x00000000fd900000|  0%| F|  |TAMS 0x00000000fd800000, 0x00000000fd800000| Untracked 
|  25|0x00000000fd900000, 0x00000000fd900000, 0x00000000fda00000|  0%| F|  |TAMS 0x00000000fd900000, 0x00000000fd900000| Untracked 
|  26|0x00000000fda00000, 0x00000000fda00000, 0x00000000fdb00000|  0%| F|  |TAMS 0x00000000fda00000, 0x00000000fda00000| Untracked 
|  27|0x00000000fdb00000, 0x00000000fdb00000, 0x00000000fdc00000|  0%| F|  |TAMS 0x00000000fdb00000, 0x00000000fdb00000| Untracked 
|  28|0x00000000fdc00000, 0x00000000fdc00000, 0x00000000fdd00000|  0%| F|  |TAMS 0x00000000fdc00000, 0x00000000fdc00000| Untracked 
|  29|0x00000000fdd00000, 0x00000000fdd00000, 0x00000000fde00000|  0%| F|  |TAMS 0x00000000fdd00000, 0x00000000fdd00000| Untracked 
|  30|0x00000000fde00000, 0x00000000fde00000, 0x00000000fdf00000|  0%| F|  |TAMS 0x00000000fde00000, 0x00000000fde00000| Untracked 
|  31|0x00000000fdf00000, 0x00000000fdf00000, 0x00000000fe000000|  0%| F|  |TAMS 0x00000000fdf00000, 0x00000000fdf00000| Untracked 
|  32|0x00000000fe000000, 0x00000000fe000000, 0x00000000fe100000|  0%| F|  |TAMS 0x00000000fe000000, 0x00000000fe000000| Untracked 
|  33|0x00000000fe100000, 0x00000000fe100000, 0x00000000fe200000|  0%| F|  |TAMS 0x00000000fe100000, 0x00000000fe100000| Untracked 
|  34|0x00000000fe200000, 0x00000000fe200000, 0x00000000fe300000|  0%| F|  |TAMS 0x00000000fe200000, 0x00000000fe200000| Untracked 
|  35|0x00000000fe300000, 0x00000000fe300000, 0x00000000fe400000|  0%| F|  |TAMS 0x00000000fe300000, 0x00000000fe300000| Untracked 
|  36|0x00000000fe400000, 0x00000000fe400000, 0x00000000fe500000|  0%| F|  |TAMS 0x00000000fe400000, 0x00000000fe400000| Untracked 
|  37|0x00000000fe500000, 0x00000000fe500000, 0x00000000fe600000|  0%| F|  |TAMS 0x00000000fe500000, 0x00000000fe500000| Untracked 
|  38|0x00000000fe600000, 0x00000000fe700000, 0x00000000fe700000|100%| S|CS|TAMS 0x00000000fe600000, 0x00000000fe600000| Complete 
|  39|0x00000000fe700000, 0x00000000fe800000, 0x00000000fe800000|100%| S|CS|TAMS 0x00000000fe700000, 0x00000000fe700000| Complete 
|  40|0x00000000fe800000, 0x00000000fe900000, 0x00000000fe900000|100%| S|CS|TAMS 0x00000000fe800000, 0x00000000fe800000| Complete 
|  41|0x00000000fe900000, 0x00000000fe900000, 0x00000000fea00000|  0%| F|  |TAMS 0x00000000fe900000, 0x00000000fe900000| Untracked 
|  42|0x00000000fea00000, 0x00000000fea00000, 0x00000000feb00000|  0%| F|  |TAMS 0x00000000fea00000, 0x00000000fea00000| Untracked 
|  43|0x00000000feb00000, 0x00000000feb00000, 0x00000000fec00000|  0%| F|  |TAMS 0x00000000feb00000, 0x00000000feb00000| Untracked 
|  44|0x00000000fec00000, 0x00000000fec00000, 0x00000000fed00000|  0%| F|  |TAMS 0x00000000fec00000, 0x00000000fec00000| Untracked 
|  45|0x00000000fed00000, 0x00000000fed00000, 0x00000000fee00000|  0%| F|  |TAMS 0x00000000fed00000, 0x00000000fed00000| Untracked 
|  46|0x00000000fee00000, 0x00000000fee00000, 0x00000000fef00000|  0%| F|  |TAMS 0x00000000fee00000, 0x00000000fee00000| Untracked 
|  47|0x00000000fef00000, 0x00000000fef00000, 0x00000000ff000000|  0%| F|  |TAMS 0x00000000fef00000, 0x00000000fef00000| Untracked 
|  48|0x00000000ff000000, 0x00000000ff000000, 0x00000000ff100000|  0%| F|  |TAMS 0x00000000ff000000, 0x00000000ff000000| Untracked 
|  49|0x00000000ff100000, 0x00000000ff100000, 0x00000000ff200000|  0%| F|  |TAMS 0x00000000ff100000, 0x00000000ff100000| Untracked 
|  50|0x00000000ff200000, 0x00000000ff200000, 0x00000000ff300000|  0%| F|  |TAMS 0x00000000ff200000, 0x00000000ff200000| Untracked 
|  51|0x00000000ff300000, 0x00000000ff300000, 0x00000000ff400000|  0%| F|  |TAMS 0x00000000ff300000, 0x00000000ff300000| Untracked 
|  52|0x00000000ff400000, 0x00000000ff400000, 0x00000000ff500000|  0%| F|  |TAMS 0x00000000ff400000, 0x00000000ff400000| Untracked 
|  53|0x00000000ff500000, 0x00000000ff5e1e50, 0x00000000ff600000| 88%| E|  |TAMS 0x00000000ff500000, 0x00000000ff500000| Complete 
|  54|0x00000000ff600000, 0x00000000ff700000, 0x00000000ff700000|100%| E|CS|TAMS 0x00000000ff600000, 0x00000000ff600000| Complete 
|  55|0x00000000ff700000, 0x00000000ff800000, 0x00000000ff800000|100%| E|CS|TAMS 0x00000000ff700000, 0x00000000ff700000| Complete 
|  56|0x00000000ff800000, 0x00000000ff900000, 0x00000000ff900000|100%| E|CS|TAMS 0x00000000ff800000, 0x00000000ff800000| Complete 
|  57|0x00000000ff900000, 0x00000000ffa00000, 0x00000000ffa00000|100%| E|CS|TAMS 0x00000000ff900000, 0x00000000ff900000| Complete 
|  58|0x00000000ffa00000, 0x00000000ffb00000, 0x00000000ffb00000|100%| E|CS|TAMS 0x00000000ffa00000, 0x00000000ffa00000| Complete 
|  59|0x00000000ffb00000, 0x00000000ffc00000, 0x00000000ffc00000|100%| E|CS|TAMS 0x00000000ffb00000, 0x00000000ffb00000| Complete 
|  60|0x00000000ffc00000, 0x00000000ffd00000, 0x00000000ffd00000|100%| E|CS|TAMS 0x00000000ffc00000, 0x00000000ffc00000| Complete 
|  61|0x00000000ffd00000, 0x00000000ffe00000, 0x00000000ffe00000|100%| E|CS|TAMS 0x00000000ffd00000, 0x00000000ffd00000| Complete 
|  62|0x00000000ffe00000, 0x00000000fff00000, 0x00000000fff00000|100%| E|CS|TAMS 0x00000000ffe00000, 0x00000000ffe00000| Complete 
|  63|0x00000000fff00000, 0x0000000100000000, 0x0000000100000000|100%| E|CS|TAMS 0x00000000fff00000, 0x00000000fff00000| Complete 

Card table byte_map: [0x000001a303fe0000,0x000001a304000000] _byte_map_base: 0x000001a303800000

Marking Bits (Prev, Next): (CMBitMap*) 0x000001a303edc6d0, (CMBitMap*) 0x000001a303edc710
 Prev Bits: [0x000001a31cb80000, 0x000001a31cc80000)
 Next Bits: [0x000001a31cc80000, 0x000001a31cd80000)

Polling page: 0x000001a303f90000

Metaspace:

Usage:
  Non-class:      5.85 MB used.
      Class:    975.58 KB used.
       Both:      6.80 MB used.

Virtual space:
  Non-class space:        8.00 MB reserved,       5.94 MB ( 74%) committed,  1 nodes.
      Class space:        1.00 GB reserved,       1.00 MB ( <1%) committed,  1 nodes.
             Both:        1.01 GB reserved,       6.94 MB ( <1%) committed. 

Chunk freelists:
   Non-Class:  908.00 KB
       Class:  3.00 MB
        Both:  3.88 MB

MaxMetaspaceSize: unlimited
CompressedClassSpaceSize: 1.00 GB
Initial GC threshold: 21.00 MB
Current GC threshold: 21.00 MB
CDS: on
MetaspaceReclaimPolicy: balanced
 - commit_granule_bytes: 65536.
 - commit_granule_words: 8192.
 - virtual_space_node_default_size: 1048576.
 - enlarge_chunks_in_place: 1.
 - new_chunks_are_fully_committed: 0.
 - uncommit_free_chunks: 1.
 - use_allocation_guard: 0.
 - handle_deallocations: 1.


Internal statistics:

num_allocs_failed_limit: 0.
num_arena_births: 74.
num_arena_deaths: 0.
num_vsnodes_births: 2.
num_vsnodes_deaths: 0.
num_space_committed: 111.
num_space_uncommitted: 0.
num_chunks_returned_to_freelist: 0.
num_chunks_taken_from_freelist: 255.
num_chunk_merges: 0.
num_chunk_splits: 172.
num_chunks_enlarged: 146.
num_purges: 0.
num_inconsistent_stats: 0.

CodeHeap 'non-profiled nmethods': size=120000Kb used=489Kb max_used=489Kb free=119510Kb
 bounds [0x000001a3149b0000, 0x000001a314c20000, 0x000001a31bee0000]
CodeHeap 'profiled nmethods': size=120000Kb used=2016Kb max_used=2016Kb free=117983Kb
 bounds [0x000001a30d480000, 0x000001a30d6f0000, 0x000001a3149b0000]
CodeHeap 'non-nmethods': size=5760Kb used=1167Kb max_used=1181Kb free=4592Kb
 bounds [0x000001a30cee0000, 0x000001a30d150000, 0x000001a30d480000]
 total_blobs=1525 nmethods=1078 adapters=360
 compilation: enabled
              stopped_count=0, restarted_count=0
 full_count=0

Compilation events (20 events):
Event: 2.454 Thread 0x000001a303f87390 1072       3       java.io.DataInputStream::readFully (59 bytes)
Event: 2.454 Thread 0x000001a303f87390 nmethod 1072 0x000001a30d673c10 code [0x000001a30d673e00, 0x000001a30d674388]
Event: 2.454 Thread 0x000001a303f87390 1070  s    3       java.io.BufferedInputStream::read (113 bytes)
Event: 2.454 Thread 0x000001a303f864e0 1076       4       java.io.BufferedInputStream::getBufIfOpen (21 bytes)
Event: 2.454 Thread 0x000001a303f87390 nmethod 1070 0x000001a30d674610 code [0x000001a30d674840, 0x000001a30d675138]
Event: 2.454 Thread 0x000001a303f87390 1068  s    3       java.io.BufferedInputStream::read (49 bytes)
Event: 2.454 Thread 0x000001a303f87390 nmethod 1068 0x000001a30d675390 code [0x000001a30d675560, 0x000001a30d6759f8]
Event: 2.454 Thread 0x000001a303f87390 1071       3       java.io.BufferedInputStream::read1 (108 bytes)
Event: 2.454 Thread 0x000001a303f864e0 nmethod 1076 0x000001a314a2a190 code [0x000001a314a2a300, 0x000001a314a2a398]
Event: 2.454 Thread 0x000001a303f87390 nmethod 1071 0x000001a30d675b90 code [0x000001a30d675de0, 0x000001a30d676718]
Event: 2.454 Thread 0x000001a303f87390 1073       3       java.io.DataInputStream::readUTF (5 bytes)
Event: 2.454 Thread 0x000001a303f87390 nmethod 1073 0x000001a30d676a10 code [0x000001a30d676ba0, 0x000001a30d676cc8]
Event: 2.454 Thread 0x000001a303f87390 1075       3       java.io.DataInputStream::readShort (40 bytes)
Event: 2.455 Thread 0x000001a303f87390 nmethod 1075 0x000001a30d676d90 code [0x000001a30d676f60, 0x000001a30d677328]
Event: 2.455 Thread 0x000001a303f87390 1074       3       java.io.DataInputStream::readUnsignedShort (39 bytes)
Event: 2.455 Thread 0x000001a303f87390 nmethod 1074 0x000001a30d677490 code [0x000001a30d677660, 0x000001a30d677a28]
Event: 2.455 Thread 0x000001a303f87390 1077       3       sun.util.locale.LocaleUtils::isUpper (18 bytes)
Event: 2.455 Thread 0x000001a303f87390 nmethod 1077 0x000001a30d677b90 code [0x000001a30d677d20, 0x000001a30d677e98]
Event: 2.455 Thread 0x000001a303f87390 1078       3       java.lang.invoke.MemberName::getModifiers (8 bytes)
Event: 2.455 Thread 0x000001a303f87390 nmethod 1078 0x000001a30d677f10 code [0x000001a30d6780a0, 0x000001a30d6781b8]

GC Heap History (2 events):
Event: 0.676 GC heap before
{Heap before GC invocations=0 (full 0):
 garbage-first heap   total 65536K, used 26624K [0x00000000fc000000, 0x0000000100000000)
  region size 1024K, 23 young (23552K), 0 survivors (0K)
 Metaspace       used 3796K, committed 3968K, reserved 1056768K
  class space    used 490K, committed 576K, reserved 1048576K
}
Event: 0.681 GC heap after
{Heap after GC invocations=1 (full 0):
 garbage-first heap   total 65536K, used 10768K [0x00000000fc000000, 0x0000000100000000)
  region size 1024K, 3 young (3072K), 3 survivors (3072K)
 Metaspace       used 3796K, committed 3968K, reserved 1056768K
  class space    used 490K, committed 576K, reserved 1048576K
}

Deoptimization events (20 events):
Event: 1.354 Thread 0x000001a303ebd400 DEOPT PACKING pc=0x000001a30d5460e5 sp=0x00000049b2ef9300
Event: 1.354 Thread 0x000001a303ebd400 DEOPT UNPACKING pc=0x000001a30cf36763 sp=0x00000049b2ef8750 mode 0
Event: 1.380 Thread 0x000001a303ebd400 DEOPT PACKING pc=0x000001a30d58bdb8 sp=0x00000049b2efa510
Event: 1.380 Thread 0x000001a303ebd400 DEOPT UNPACKING pc=0x000001a30cf36763 sp=0x00000049b2ef9a28 mode 0
Event: 1.407 Thread 0x000001a303ebd400 Uncommon trap: trap_request=0xffffffc6 fr.pc=0x000001a314a1abb4 relative=0x0000000000000554
Event: 1.407 Thread 0x000001a303ebd400 Uncommon trap: reason=bimorphic_or_optimized_type_check action=maybe_recompile pc=0x000001a314a1abb4 method=java.util.concurrent.ConcurrentHashMap.get(Ljava/lang/Object;)Ljava/lang/Object; @ 149 c2
Event: 1.407 Thread 0x000001a303ebd400 DEOPT PACKING pc=0x000001a314a1abb4 sp=0x00000049b2efbb80
Event: 1.407 Thread 0x000001a303ebd400 DEOPT UNPACKING pc=0x000001a30cf35c23 sp=0x00000049b2efbb20 mode 2
Event: 2.070 Thread 0x000001a303ebd400 Uncommon trap: trap_request=0xffffff45 fr.pc=0x000001a314a0ccb4 relative=0x0000000000001bf4
Event: 2.070 Thread 0x000001a303ebd400 Uncommon trap: reason=unstable_if action=reinterpret pc=0x000001a314a0ccb4 method=java.io.WinNTFileSystem.normalize(Ljava/lang/String;)Ljava/lang/String; @ 128 c2
Event: 2.070 Thread 0x000001a303ebd400 DEOPT PACKING pc=0x000001a314a0ccb4 sp=0x00000049b2efbb90
Event: 2.070 Thread 0x000001a303ebd400 DEOPT UNPACKING pc=0x000001a30cf35c23 sp=0x00000049b2efbb78 mode 2
Event: 2.446 Thread 0x000001a303ebd400 Uncommon trap: trap_request=0xffffff45 fr.pc=0x000001a3149e2ce8 relative=0x0000000000000628
Event: 2.446 Thread 0x000001a303ebd400 Uncommon trap: reason=unstable_if action=reinterpret pc=0x000001a3149e2ce8 method=java.lang.AbstractStringBuilder.append(Ljava/lang/String;)Ljava/lang/AbstractStringBuilder; @ 1 c2
Event: 2.446 Thread 0x000001a303ebd400 DEOPT PACKING pc=0x000001a3149e2ce8 sp=0x00000049b2efc900
Event: 2.446 Thread 0x000001a303ebd400 DEOPT UNPACKING pc=0x000001a30cf35c23 sp=0x00000049b2efc880 mode 2
Event: 2.446 Thread 0x000001a303ebd400 Uncommon trap: trap_request=0xffffff45 fr.pc=0x000001a3149f0b78 relative=0x0000000000000638
Event: 2.446 Thread 0x000001a303ebd400 Uncommon trap: reason=unstable_if action=reinterpret pc=0x000001a3149f0b78 method=java.lang.AbstractStringBuilder.append(Ljava/lang/String;)Ljava/lang/AbstractStringBuilder; @ 1 c2
Event: 2.446 Thread 0x000001a303ebd400 DEOPT PACKING pc=0x000001a3149f0b78 sp=0x00000049b2efc8a0
Event: 2.446 Thread 0x000001a303ebd400 DEOPT UNPACKING pc=0x000001a30cf35c23 sp=0x00000049b2efc888 mode 2

Classes unloaded (0 events):
No events

Classes redefined (0 events):
No events

Internal exceptions (18 events):
Event: 0.158 Thread 0x000001a303ebd400 Exception <a 'java/lang/NoSuchMethodError'{0x00000000ffcc2a08}: 'int java.lang.invoke.DirectMethodHandle$Holder.invokeStaticInit(java.lang.Object, java.lang.Object)'> (0x00000000ffcc2a08) 
thrown [t:\workspace\open\src\hotspot\share\interpreter\linkResolver.cpp, line 766]
Event: 0.558 Thread 0x000001a303ebd400 Exception <a 'java/lang/NoSuchMethodError'{0x00000000febcdc18}: 'void java.lang.invoke.DirectMethodHandle$Holder.invokeStatic(java.lang.Object, java.lang.Object)'> (0x00000000febcdc18) 
thrown [t:\workspace\open\src\hotspot\share\interpreter\linkResolver.cpp, line 766]
Event: 0.595 Thread 0x000001a303ebd400 Exception <a 'java/lang/NoClassDefFoundError'{0x00000000fea581d0}: org/slf4j/impl/StaticMarkerBinder> (0x00000000fea581d0) 
thrown [t:\workspace\open\src\hotspot\share\classfile\systemDictionary.cpp, line 245]
Event: 0.642 Thread 0x000001a303ebd400 Exception <a 'java/lang/NoSuchMethodError'{0x00000000feaf54b8}: 'java.lang.Object java.lang.invoke.DirectMethodHandle$Holder.invokeVirtual(java.lang.Object, java.lang.Object, java.lang.Object, java.lang.Object, java.lang.Object, java.lang.Object, java.lang.Object)'> (0x00000000feaf54b8) 
thrown [t:\workspace\open\src\hotspot\share\interpreter\linkResolver.cpp, line 766]
Event: 0.645 Thread 0x000001a303ebd400 Exception <a 'java/lang/NoSuchMethodError'{0x00000000fe907578}: 'java.lang.Object java.lang.invoke.Invokers$Holder.invoker(java.lang.Object, java.lang.Object, java.lang.Object)'> (0x00000000fe907578) 
thrown [t:\workspace\open\src\hotspot\share\interpreter\linkResolver.cpp, line 766]
Event: 0.646 Thread 0x000001a303ebd400 Exception <a 'java/lang/NoSuchMethodError'{0x00000000fe910648}: 'java.lang.Object java.lang.invoke.DirectMethodHandle$Holder.invokeStatic(java.lang.Object, java.lang.Object, int)'> (0x00000000fe910648) 
thrown [t:\workspace\open\src\hotspot\share\interpreter\linkResolver.cpp, line 766]
Event: 0.648 Thread 0x000001a303ebd400 Exception <a 'java/lang/NoSuchMethodError'{0x00000000fe91c338}: 'void java.lang.invoke.DelegatingMethodHandle$Holder.delegate(java.lang.Object, java.lang.Object, int, java.lang.Object)'> (0x00000000fe91c338) 
thrown [t:\workspace\open\src\hotspot\share\interpreter\linkResolver.cpp, line 766]
Event: 0.651 Thread 0x000001a303ebd400 Exception <a 'java/lang/NoSuchMethodError'{0x00000000fe920480}: 'int java.lang.invoke.DirectMethodHandle$Holder.invokeSpecial(java.lang.Object, java.lang.Object, java.lang.Object)'> (0x00000000fe920480) 
thrown [t:\workspace\open\src\hotspot\share\interpreter\linkResolver.cpp, line 766]
Event: 0.653 Thread 0x000001a303ebd400 Exception <a 'java/lang/NoSuchMethodError'{0x00000000fe9335c8}: 'java.lang.Object java.lang.invoke.Invokers$Holder.invokeExact_MT(java.lang.Object, java.lang.Object, java.lang.Object, java.lang.Object)'> (0x00000000fe9335c8) 
thrown [t:\workspace\open\src\hotspot\share\interpreter\linkResolver.cpp, line 766]
Event: 0.737 Thread 0x000001a303ebd400 Exception <a 'java/lang/NoSuchMethodError'{0x00000000ffc81568}: 'void java.lang.invoke.DirectMethodHandle$Holder.invokeSpecial(java.lang.Object, java.lang.Object, java.lang.Object)'> (0x00000000ffc81568) 
thrown [t:\workspace\open\src\hotspot\share\interpreter\linkResolver.cpp, line 766]
Event: 0.751 Thread 0x000001a303ebd400 Implicit null exception at 0x000001a3149fd10a to 0x000001a3149fd668
Event: 0.751 Thread 0x000001a303ebd400 Implicit null exception at 0x000001a3149ec00f to 0x000001a3149ec55c
Event: 0.792 Thread 0x000001a303ebd400 Exception <a 'java/lang/NoSuchMethodError'{0x00000000ffa24e48}: 'java.lang.Object java.lang.invoke.DirectMethodHandle$Holder.invokeStaticInit(java.lang.Object)'> (0x00000000ffa24e48) 
thrown [t:\workspace\open\src\hotspot\share\interpreter\linkResolver.cpp, line 766]
Event: 1.397 Thread 0x000001a303ebd400 Exception <a 'java/lang/NoSuchMethodError'{0x00000000ff63c558}: 'java.lang.Object java.lang.invoke.DirectMethodHandle$Holder.invokeStaticInit(java.lang.Object, int, int, int, int)'> (0x00000000ff63c558) 
thrown [t:\workspace\open\src\hotspot\share\interpreter\linkResolver.cpp, line 766]
Event: 2.074 Thread 0x000001a303ebd400 Exception <a 'java/lang/NoSuchMethodError'{0x00000000ff678ff8}: 'java.lang.Object java.lang.invoke.DirectMethodHandle$Holder.invokeStaticInit(java.lang.Object, java.lang.Object, int, int, int, int)'> (0x00000000ff678ff8) 
thrown [t:\workspace\open\src\hotspot\share\interpreter\linkResolver.cpp, line 766]
Event: 2.415 Thread 0x000001a303ebd400 Exception <a 'java/lang/NoSuchMethodError'{0x00000000ff6a6838}: 'void java.lang.invoke.DirectMethodHandle$Holder.invokeStatic(java.lang.Object, java.lang.Object, java.lang.Object)'> (0x00000000ff6a6838) 
thrown [t:\workspace\open\src\hotspot\share\interpreter\linkResolver.cpp, line 766]
Event: 2.446 Thread 0x000001a303ebd400 Implicit null exception at 0x000001a3149e26f2 to 0x000001a3149e2cd0
Event: 2.446 Thread 0x000001a303ebd400 Implicit null exception at 0x000001a3149f0572 to 0x000001a3149f0b60

VM Operations (14 events):
Event: 0.593 Executing VM operation: HandshakeAllThreads
Event: 0.593 Executing VM operation: HandshakeAllThreads done
Event: 0.593 Executing VM operation: HandshakeAllThreads
Event: 0.593 Executing VM operation: HandshakeAllThreads done
Event: 0.645 Executing VM operation: HandshakeAllThreads
Event: 0.645 Executing VM operation: HandshakeAllThreads done
Event: 0.676 Executing VM operation: G1CollectForAllocation
Event: 0.681 Executing VM operation: G1CollectForAllocation done
Event: 1.346 Executing VM operation: HandshakeAllThreads
Event: 1.346 Executing VM operation: HandshakeAllThreads done
Event: 2.071 Executing VM operation: HandshakeAllThreads
Event: 2.071 Executing VM operation: HandshakeAllThreads done
Event: 2.071 Executing VM operation: Cleanup
Event: 2.071 Executing VM operation: Cleanup done

Events (20 events):
Event: 2.416 loading class sun/nio/ch/SocketOptionRegistry
Event: 2.416 loading class sun/nio/ch/SocketOptionRegistry done
Event: 2.416 loading class sun/nio/ch/SocketOptionRegistry$RegistryKey
Event: 2.416 loading class sun/nio/ch/SocketOptionRegistry$RegistryKey done
Event: 2.416 loading class sun/nio/ch/SocketOptionRegistry$LazyInitialization
Event: 2.416 loading class sun/nio/ch/SocketOptionRegistry$LazyInitialization done
Event: 2.416 loading class sun/nio/ch/OptionKey
Event: 2.416 loading class sun/nio/ch/OptionKey done
Event: 2.416 loading class sun/nio/ch/ExtendedSocketOption
Event: 2.416 loading class sun/nio/ch/ExtendedSocketOption done
Event: 2.416 loading class sun/nio/ch/ExtendedSocketOption$1
Event: 2.416 loading class sun/nio/ch/ExtendedSocketOption$1 done
Event: 2.421 loading class java/nio/channels/OverlappingFileLockException
Event: 2.421 loading class java/nio/channels/OverlappingFileLockException done
Event: 2.421 loading class java/io/EOFException
Event: 2.421 loading class java/io/EOFException done
Event: 2.456 loading class jdk/internal/module/ModulePatcher$PatchedModuleReader
Event: 2.456 loading class jdk/internal/module/ModulePatcher$PatchedModuleReader done
Event: 2.456 loading class sun/net/www/protocol/jrt/Handler
Event: 2.456 loading class sun/net/www/protocol/jrt/Handler done


Dynamic libraries:
0x00007ff6dc320000 - 0x00007ff6dc330000 	C:\Program Files\Java\jdk-17\bin\java.exe
0x00007ffc4d130000 - 0x00007ffc4d328000 	C:\Windows\SYSTEM32\ntdll.dll
0x00007ffc4b330000 - 0x00007ffc4b3ed000 	C:\Windows\System32\KERNEL32.DLL
0x00007ffc4a9b0000 - 0x00007ffc4aca6000 	C:\Windows\System32\KERNELBASE.dll
0x00007ffc4b070000 - 0x00007ffc4b170000 	C:\Windows\System32\ucrtbase.dll
0x00007ffc2cd10000 - 0x00007ffc2cd28000 	C:\Program Files\Java\jdk-17\bin\jli.dll
0x00007ffc4bc00000 - 0x00007ffc4bcb3000 	C:\Windows\System32\ADVAPI32.dll
0x00007ffc4d050000 - 0x00007ffc4d0ee000 	C:\Windows\System32\msvcrt.dll
0x00007ffc4bf60000 - 0x00007ffc4bfff000 	C:\Windows\System32\sechost.dll
0x00007ffc4c0d0000 - 0x00007ffc4c1f6000 	C:\Windows\System32\RPCRT4.dll
0x00007ffc4a7f0000 - 0x00007ffc4a817000 	C:\Windows\System32\bcrypt.dll
0x00007ffc4b820000 - 0x00007ffc4b9be000 	C:\Windows\System32\USER32.dll
0x00007ffc2c130000 - 0x00007ffc2c14a000 	C:\Program Files\Java\jdk-17\bin\VCRUNTIME140.dll
0x00007ffc4aff0000 - 0x00007ffc4b012000 	C:\Windows\System32\win32u.dll
0x00007ffc4c750000 - 0x00007ffc4c77b000 	C:\Windows\System32\GDI32.dll
0x00007ffc4a890000 - 0x00007ffc4a9a7000 	C:\Windows\System32\gdi32full.dll
0x00007ffc4af50000 - 0x00007ffc4afed000 	C:\Windows\System32\msvcp_win.dll
0x00007ffc32380000 - 0x00007ffc3261a000 	C:\Windows\WinSxS\amd64_microsoft.windows.common-controls_6595b64144ccf1df_6.0.19041.3636_none_60b6a03d71f818d5\COMCTL32.dll
0x00007ffc41a60000 - 0x00007ffc41a6a000 	C:\Windows\SYSTEM32\VERSION.dll
0x00007ffc4c780000 - 0x00007ffc4c7b2000 	C:\Windows\System32\IMM32.DLL
0x00007ffc461e0000 - 0x00007ffc461ec000 	C:\Program Files\Java\jdk-17\bin\vcruntime140_1.dll
0x00007ffc208b0000 - 0x00007ffc2093d000 	C:\Program Files\Java\jdk-17\bin\msvcp140.dll
0x00007ffbd2060000 - 0x00007ffbd2c1e000 	C:\Program Files\Java\jdk-17\bin\server\jvm.dll
0x00007ffc4b320000 - 0x00007ffc4b328000 	C:\Windows\System32\PSAPI.DLL
0x00007ffc2aa80000 - 0x00007ffc2aa89000 	C:\Windows\SYSTEM32\WSOCK32.dll
0x00007ffc3eba0000 - 0x00007ffc3ebc7000 	C:\Windows\SYSTEM32\WINMM.dll
0x00007ffc4bb10000 - 0x00007ffc4bb7b000 	C:\Windows\System32\WS2_32.dll
0x00007ffc486c0000 - 0x00007ffc486d2000 	C:\Windows\SYSTEM32\kernel.appcore.dll
0x00007ffc2dd00000 - 0x00007ffc2dd0a000 	C:\Program Files\Java\jdk-17\bin\jimage.dll
0x00007ffc3e260000 - 0x00007ffc3e444000 	C:\Windows\SYSTEM32\DBGHELP.DLL
0x00007ffc2df40000 - 0x00007ffc2df74000 	C:\Windows\SYSTEM32\dbgcore.DLL
0x00007ffc4aec0000 - 0x00007ffc4af42000 	C:\Windows\System32\bcryptPrimitives.dll
0x00007ffc21950000 - 0x00007ffc21975000 	C:\Program Files\Java\jdk-17\bin\java.dll
0x00007ffc207d0000 - 0x00007ffc208a6000 	C:\Program Files\Java\jdk-17\bin\svml.dll
0x00007ffc4c900000 - 0x00007ffc4d045000 	C:\Windows\System32\SHELL32.dll
0x00007ffc488c0000 - 0x00007ffc4905c000 	C:\Windows\SYSTEM32\windows.storage.dll
0x00007ffc4b3f0000 - 0x00007ffc4b744000 	C:\Windows\System32\combase.dll
0x00007ffc4a220000 - 0x00007ffc4a24e000 	C:\Windows\SYSTEM32\Wldp.dll
0x00007ffc4b750000 - 0x00007ffc4b81d000 	C:\Windows\System32\OLEAUT32.dll
0x00007ffc4c000000 - 0x00007ffc4c0ad000 	C:\Windows\System32\SHCORE.dll
0x00007ffc4be50000 - 0x00007ffc4bea5000 	C:\Windows\System32\shlwapi.dll
0x00007ffc4a720000 - 0x00007ffc4a745000 	C:\Windows\SYSTEM32\profapi.dll
0x00007ffc21930000 - 0x00007ffc21949000 	C:\Program Files\Java\jdk-17\bin\net.dll
0x00007ffc423c0000 - 0x00007ffc424ca000 	C:\Windows\SYSTEM32\WINHTTP.dll
0x00007ffc49f80000 - 0x00007ffc49fea000 	C:\Windows\system32\mswsock.dll
0x00007ffc21910000 - 0x00007ffc21925000 	C:\Program Files\Java\jdk-17\bin\nio.dll
0x00007ffc21860000 - 0x00007ffc21878000 	C:\Program Files\Java\jdk-17\bin\zip.dll
0x00007ffc27910000 - 0x00007ffc27920000 	C:\Program Files\Java\jdk-17\bin\verify.dll
0x00007ffc20ec0000 - 0x00007ffc20ee7000 	D:\Android\.gradle\native\68d5fa5c4cc2d200863cafc0d521ce42e7d3e7ee720ec0a83991735586a16f82\windows-amd64\native-platform.dll
0x00007ffc21840000 - 0x00007ffc21849000 	C:\Program Files\Java\jdk-17\bin\management.dll
0x00007ffc20eb0000 - 0x00007ffc20ebb000 	C:\Program Files\Java\jdk-17\bin\management_ext.dll
0x00007ffc4a170000 - 0x00007ffc4a188000 	C:\Windows\SYSTEM32\CRYPTSP.dll
0x00007ffc49840000 - 0x00007ffc49874000 	C:\Windows\system32\rsaenh.dll
0x00007ffc4a6a0000 - 0x00007ffc4a6ce000 	C:\Windows\SYSTEM32\USERENV.dll
0x00007ffc4a190000 - 0x00007ffc4a19c000 	C:\Windows\SYSTEM32\CRYPTBASE.dll
0x00007ffc49c20000 - 0x00007ffc49c5b000 	C:\Windows\SYSTEM32\IPHLPAPI.DLL
0x00007ffc4c7c0000 - 0x00007ffc4c7c8000 	C:\Windows\System32\NSI.dll
0x00007ffc43f70000 - 0x00007ffc43f87000 	C:\Windows\SYSTEM32\dhcpcsvc6.DLL
0x00007ffc43f50000 - 0x00007ffc43f6d000 	C:\Windows\SYSTEM32\dhcpcsvc.DLL
0x00007ffc49c70000 - 0x00007ffc49d3b000 	C:\Windows\SYSTEM32\DNSAPI.dll

dbghelp: loaded successfully - version: 4.0.5 - missing functions: none
symbol engine: initialized successfully - sym options: 0x614 - pdb path: .;C:\Program Files\Java\jdk-17\bin;C:\Windows\SYSTEM32;C:\Windows\WinSxS\amd64_microsoft.windows.common-controls_6595b64144ccf1df_6.0.19041.3636_none_60b6a03d71f818d5;C:\Program Files\Java\jdk-17\bin\server;D:\Android\.gradle\native\68d5fa5c4cc2d200863cafc0d521ce42e7d3e7ee720ec0a83991735586a16f82\windows-amd64

VM Arguments:
jvm_args: -Xmx64m -Xms64m -Dorg.gradle.appname=gradlew 
java_command: org.gradle.wrapper.GradleWrapperMain app:installDebug -PreactNativeDevServerPort=8081
java_class_path (initial): E:\Projects\ToyRentJunction\toy_rent_junction\android\\gradle\wrapper\gradle-wrapper.jar
Launcher Type: SUN_STANDARD

[Global flags]
     intx CICompilerCount                          = 4                                         {product} {ergonomic}
     uint ConcGCThreads                            = 3                                         {product} {ergonomic}
     uint G1ConcRefinementThreads                  = 10                                        {product} {ergonomic}
   size_t G1HeapRegionSize                         = 1048576                                   {product} {ergonomic}
    uintx GCDrainStackTargetSize                   = 64                                        {product} {ergonomic}
   size_t InitialHeapSize                          = 67108864                                  {product} {command line}
   size_t MarkStackSize                            = 4194304                                   {product} {ergonomic}
   size_t MaxHeapSize                              = 67108864                                  {product} {command line}
   size_t MaxNewSize                               = 39845888                                  {product} {ergonomic}
   size_t MinHeapDeltaBytes                        = 1048576                                   {product} {ergonomic}
   size_t MinHeapSize                              = 67108864                                  {product} {command line}
    uintx NonNMethodCodeHeapSize                   = 5839372                                {pd product} {ergonomic}
    uintx NonProfiledCodeHeapSize                  = 122909434                              {pd product} {ergonomic}
    uintx ProfiledCodeHeapSize                     = 122909434                              {pd product} {ergonomic}
    uintx ReservedCodeCacheSize                    = 251658240                              {pd product} {ergonomic}
     bool SegmentedCodeCache                       = true                                      {product} {ergonomic}
   size_t SoftMaxHeapSize                          = 67108864                               {manageable} {ergonomic}
     bool UseCompressedClassPointers               = true                           {product lp64_product} {ergonomic}
     bool UseCompressedOops                        = true                           {product lp64_product} {ergonomic}
     bool UseG1GC                                  = true                                      {product} {ergonomic}
     bool UseLargePagesIndividualAllocation        = false                                  {pd product} {ergonomic}

Logging:
Log output configuration:
 #0: stdout all=warning uptime,level,tags
 #1: stderr all=off uptime,level,tags

Environment Variables:
JAVA_HOME=C:\Program Files\Java\jdk-17
CLASSPATH=E:\Projects\ToyRentJunction\toy_rent_junction\android\\gradle\wrapper\gradle-wrapper.jar
PATH=E:\Projects\ToyRentJunction\toy_rent_junction\node_modules\.bin;E:\Projects\ToyRentJunction\toy_rent_junction\node_modules\.bin;E:\Projects\ToyRentJunction\node_modules\.bin;E:\Projects\node_modules\.bin;E:\node_modules\.bin;C:\Program Files\nodejs\node_modules\npm\node_modules\@npmcli\run-script\lib\node-gyp-bin;E:\Projects\ToyRentJunction\toy_rent_junction\node_modules\.bin;E:\Projects\ToyRentJunction\toy_rent_junction\android\node_modules\.bin;E:\Projects\ToyRentJunction\toy_rent_junction\node_modules\.bin;E:\Projects\ToyRentJunction\node_modules\.bin;E:\Projects\node_modules\.bin;E:\node_modules\.bin;C:\Program Files\nodejs\node_modules\npm\node_modules\@npmcli\run-script\lib\node-gyp-bin;C:\Program Files (x86)\Common Files\Oracle\Java\javapath;D:\platform-tools;C:\Windows\system32;C:\Windows;C:\Windows\System32\Wbem;C:\Windows\System32\WindowsPowerShell\v1.0\;C:\Windows\System32\OpenSSH\;C:\Program Files\Git\cmd;C:\Users\malon\AppData\Roaming\nvm;C:\Program Files\nodejs;C:\Program Files\dotnet\;C:\ProgramData\ComposerSetup\bin;C:\Program Files\SafeNet\Authentication\SAC\x64;C:\Program Files\SafeNet\Authentication\SAC\x32;D:\FDM Downloads\openssl-1.0.2q-x64_86-win64;C:\Program Files\Java\jdk-17;F:\AppData\Local\Android\Sdk\platform-tools;D:\Program Files\Python3_9\Python39\;C:\Users\malon\AppData\Local\Microsoft\WindowsApps;C:\Users\malon\AppData\Roaming\npm;C:\Users\malon\.dotnet\tools;C:\Users\malon\AppData\Roaming\Composer\vendor\bin;C:\adb;D:\Program Files\Python3_9\Python39\Scripts;D:\Program Files\Python3_9\Python39\;C:\Program Files\Docker\Docker\resources;C:\Program Files\NVIDIA Corporation\NVIDIA NvDLISR;C:\Program Files (x86)\NVIDIA Corporation\PhysX\Common;E:\Program Files\Putty\;C:\Program Files\Java\jdk-17\bin;D:\Program Files\PostgreSQL\13\bin;D:\Program Files\PostgreSQL\13\lib;C:\Program Files\CMake\bin;E:\Program Files\stripe.exe;D:\Android\.gradle;C:\Program Files\Docker\Docker\resources\bin;C:\Program Files\Microsoft SQL Server\150\Tools\Binn
USERNAME=malon
OS=Windows_NT
PROCESSOR_IDENTIFIER=AMD64 Family 25 Model 97 Stepping 2, AuthenticAMD



---------------  S Y S T E M  ---------------

OS:
 Windows 10 , 64 bit Build 19041 (10.0.19041.3636)
OS uptime: 0 days 3:17 hours

CPU: total 12 (initial active 12) (12 cores per cpu, 2 threads per core) family 25 model 97 stepping 2 microcode 0x0, cx8, cmov, fxsr, ht, mmx, 3dnowpref, sse, sse2, sse3, ssse3, sse4a, sse4.1, sse4.2, popcnt, lzcnt, tsc, tscinvbit, avx, avx2, aes, erms, clmul, bmi1, bmi2, adx, avx512f, avx512dq, avx512cd, avx512bw, avx512vl, sha, fma, vzeroupper, avx512_vpopcntdq, avx512_vpclmulqdq, avx512_vaes, avx512_vnni, clflush, clflushopt, avx512_vbmi2, avx512_vbmi

Memory: 4k page, system-wide physical 31903M (6086M free)
TotalPageFile size 44972M (AvailPageFile size 596M)
current process WorkingSet (physical memory assigned to process): 92M, peak: 92M
current process commit charge ("private bytes"): 174M, peak: 174M

vm_info: Java HotSpot(TM) 64-Bit Server VM (17+35-LTS-2724) for windows-amd64 JRE (17+35-LTS-2724), built on Aug  5 2021 23:28:28 by "mach5one" with MS VC++ 16.8 (VS2019)

END.
